2020-03-25 22:09:12,795 - instabot version: 0.115.0 (bot) - INFO - Instabot version: 0.115.0 Started
2020-03-25 22:09:12,795 - instabot version: 0.115.0 (bot) - DEBUG - Bot imported from /usr/local/lib/python2.7/dist-packages/instabot/bot/bot.pyc
2020-03-25 22:09:12,798 - instabot version: 0.115.0 (api_login) - DEBUG - Loading cookies
2020-03-25 22:09:12,799 - instabot version: 0.115.0 (api_login) - DEBUG - Loading uuids
2020-03-25 22:09:12,799 - instabot version: 0.115.0 (api_login) - INFO - Recovery from /var/www/html/example.com/public_html/cron/insta/config/menabungtanah_uuid_and_cookie.json: COOKIE True - UUIDs True - TIMING, DEVICE and ...
- user-agent=Instagram 117.0.0.28.123 Android (28/9.0; 420dpi; 1080x1920; OnePlus; ONEPLUS A3003; OnePlus3; qcom; en_US; 180322800)
- phone_id=a30092fa-e99d-46c6-b2c6-a80dfd9fe9e9
- uuid=8aacbd94-8261-42c3-ae0d-d5476e870db9
- client_session_id=58f5fd4f-f694-43c5-a410-2c4a9174485e
- device_id=android-d13a49bfddbe7ce7
2020-03-25 22:09:12,800 - instabot version: 0.115.0 (api_login) - INFO - LOGIN FLOW! Just logged-in: False
2020-03-25 22:09:13,390 - instabot version: 0.115.0 (api) - DEBUG - POST to endpoint: feed/timeline/ returned response: <Response [400]>
2020-03-25 22:09:13,390 - instabot version: 0.115.0 (api) - DEBUG - Responsecode indicates error; response content: {"message": "challenge_required", "challenge": {"url": "https://i.instagram.com/challenge/?next=/api/v1/feed/timeline/", "api_path": "/challenge/", "hide_webview_header": true, "lock": true, "logout": false, "native_flow": true}, "status": "fail"}
2020-03-25 22:09:13,390 - instabot version: 0.115.0 (api) - ERROR - Request returns 400 error!
2020-03-25 22:09:14,140 - instabot version: 0.115.0 (api) - DEBUG - POST to endpoint: feed/reels_tray/ returned response: <Response [400]>
2020-03-25 22:09:14,140 - instabot version: 0.115.0 (api) - DEBUG - Responsecode indicates error; response content: {"message": "challenge_required", "challenge": {"url": "https://i.instagram.com/challenge/?next=/api/v1/feed/reels_tray/", "api_path": "/challenge/", "hide_webview_header": true, "lock": true, "logout": false, "native_flow": true}, "status": "fail"}
2020-03-25 22:09:14,140 - instabot version: 0.115.0 (api) - ERROR - Request returns 400 error!
2020-03-25 22:09:14,143 - instabot version: 0.115.0 (api) - INFO - Logged-in successfully as 'menabungtanah'!
2020-03-25 22:09:14,143 - instabot version: 0.115.0 (bot_checkpoint) - DEBUG - Loading Checkpoint file from: /var/www/html/example.com/public_html/cron/insta/config/menabungtanah.checkpoint
2020-03-25 22:09:27,212 - instabot version: 0.115.0 (bot) - INFO - Instabot version: 0.115.0 Started
2020-03-25 22:09:27,213 - instabot version: 0.115.0 (bot) - DEBUG - Bot imported from /usr/local/lib/python2.7/dist-packages/instabot/bot/bot.pyc
2020-03-25 22:09:27,215 - instabot version: 0.115.0 (api_login) - DEBUG - Loading cookies
2020-03-25 22:09:27,215 - instabot version: 0.115.0 (api_login) - DEBUG - Loading uuids
2020-03-25 22:09:27,216 - instabot version: 0.115.0 (api_login) - INFO - Recovery from /var/www/html/example.com/public_html/cron/insta/config/menabungtanah_uuid_and_cookie.json: COOKIE True - UUIDs True - TIMING, DEVICE and ...
- user-agent=Instagram 117.0.0.28.123 Android (28/9.0; 420dpi; 1080x1920; OnePlus; ONEPLUS A3003; OnePlus3; qcom; en_US; 180322800)
- phone_id=a30092fa-e99d-46c6-b2c6-a80dfd9fe9e9
- uuid=8aacbd94-8261-42c3-ae0d-d5476e870db9
- client_session_id=58f5fd4f-f694-43c5-a410-2c4a9174485e
- device_id=android-d13a49bfddbe7ce7
2020-03-25 22:09:27,216 - instabot version: 0.115.0 (api_login) - INFO - LOGIN FLOW! Just logged-in: False
2020-03-25 22:09:27,612 - instabot version: 0.115.0 (api) - DEBUG - POST to endpoint: feed/timeline/ returned response: <Response [400]>
2020-03-25 22:09:27,612 - instabot version: 0.115.0 (api) - DEBUG - Responsecode indicates error; response content: {"message": "challenge_required", "challenge": {"url": "https://i.instagram.com/challenge/?next=/api/v1/feed/timeline/", "api_path": "/challenge/", "hide_webview_header": true, "lock": true, "logout": false, "native_flow": true}, "status": "fail"}
2020-03-25 22:09:27,613 - instabot version: 0.115.0 (api) - ERROR - Request returns 400 error!
2020-03-25 22:09:28,003 - instabot version: 0.115.0 (api) - DEBUG - POST to endpoint: feed/reels_tray/ returned response: <Response [400]>
2020-03-25 22:09:28,003 - instabot version: 0.115.0 (api) - DEBUG - Responsecode indicates error; response content: {"message": "challenge_required", "challenge": {"url": "https://i.instagram.com/challenge/?next=/api/v1/feed/reels_tray/", "api_path": "/challenge/", "hide_webview_header": true, "lock": true, "logout": false, "native_flow": true}, "status": "fail"}
2020-03-25 22:09:28,003 - instabot version: 0.115.0 (api) - ERROR - Request returns 400 error!
2020-03-25 22:09:28,005 - instabot version: 0.115.0 (api) - INFO - Logged-in successfully as 'menabungtanah'!
2020-03-25 22:09:28,006 - instabot version: 0.115.0 (bot_checkpoint) - DEBUG - Loading Checkpoint file from: /var/www/html/example.com/public_html/cron/insta/config/menabungtanah.checkpoint
2020-03-25 22:09:55,941 - instabot version: 0.115.0 (bot_checkpoint) - DEBUG - Saving Checkpoint file to: /var/www/html/example.com/public_html/cron/insta/config/menabungtanah.checkpoint
2020-03-25 22:09:55,943 - instabot version: 0.115.0 (bot) - INFO - Total requests: 37
2020-03-25 22:09:55,947 - instabot version: 0.115.0 (bot_checkpoint) - DEBUG - Saving Checkpoint file to: /var/www/html/example.com/public_html/cron/insta/config/menabungtanah.checkpoint
2020-03-25 22:09:55,951 - instabot version: 0.115.0 (bot) - INFO - Total requests: 37
