2020-03-20 18:44:38,359 - instabot version: 0.115.0 (bot) - INFO - Instabot version: 0.115.0 Started
2020-03-20 18:44:38,359 - instabot version: 0.115.0 (bot) - DEBUG - Bot imported from /usr/local/lib/python2.7/dist-packages/instabot/bot/bot.pyc
2020-03-20 18:44:38,361 - instabot version: 0.115.0 (api_login) - DEBUG - Loading cookies
2020-03-20 18:44:38,365 - instabot version: 0.115.0 (api_login) - DEBUG - Loading uuids
2020-03-20 18:44:38,365 - instabot version: 0.115.0 (api_login) - INFO - Recovery from /var/www/html/example.com/public_html/cron/insta/config/nurchuliss_uuid_and_cookie.json: COOKIE True - UUIDs True - TIMING, DEVICE and ...
- user-agent=Instagram 117.0.0.28.123 Android (28/9.0; 420dpi; 1080x1920; OnePlus; ONEPLUS A3003; OnePlus3; qcom; en_US; 180322800)
- phone_id=d2ae494d-2f06-4681-a48b-9c921cf0c11b
- uuid=423e6931-be2b-4a9b-9c1b-4d8fe19b14e6
- client_session_id=86dda0fb-201f-45aa-b9b1-50406e86d6bb
- device_id=android-19c11c9b12e66074
2020-03-20 18:44:38,366 - instabot version: 0.115.0 (api_login) - INFO - LOGIN FLOW! Just logged-in: False
2020-03-20 18:44:40,198 - instabot version: 0.115.0 (api) - DEBUG - POST to endpoint: feed/timeline/ returned response: <Response [200]>
2020-03-20 18:44:41,168 - instabot version: 0.115.0 (api) - DEBUG - POST to endpoint: feed/reels_tray/ returned response: <Response [200]>
2020-03-20 18:44:41,170 - instabot version: 0.115.0 (api) - INFO - Logged-in successfully as 'nurchuliss'!
2020-03-20 18:44:41,170 - instabot version: 0.115.0 (bot_checkpoint) - DEBUG - Loading Checkpoint file from: /var/www/html/example.com/public_html/cron/insta/config/nurchuliss.checkpoint
2020-03-20 18:45:03,118 - instabot version: 0.115.0 (api) - DEBUG - POST to endpoint: media/configure/? returned response: <Response [200]>
2020-03-20 18:45:03,881 - instabot version: 0.115.0 (api) - DEBUG - POST to endpoint: qe/expose/ returned response: <Response [200]>
2020-03-20 18:45:03,882 - instabot version: 0.115.0 (bot_photo) - INFO - Photo 'photo/02.jpg' is uploaded.
2020-03-20 18:50:20,215 - instabot version: 0.115.0 (bot_checkpoint) - DEBUG - Saving Checkpoint file to: /var/www/html/example.com/public_html/cron/insta/config/nurchuliss.checkpoint
2020-03-20 18:50:20,216 - instabot version: 0.115.0 (bot) - INFO - Total requests: 112
