2020-03-27 23:55:01,887 - instabot version: 0.115.0 (bot) - INFO - Instabot version: 0.115.0 Started
2020-03-27 23:55:01,888 - instabot version: 0.115.0 (bot) - DEBUG - Bot imported from /usr/local/lib/python2.7/dist-packages/instabot/bot/bot.pyc
2020-03-27 23:55:01,889 - instabot version: 0.115.0 (api_login) - DEBUG - Loading cookies
2020-03-27 23:55:01,890 - instabot version: 0.115.0 (api_login) - DEBUG - Loading uuids
2020-03-27 23:55:01,890 - instabot version: 0.115.0 (api_login) - INFO - Recovery from /var/www/html/example.com/public_html/cron/insta/config/nurchuliss_uuid_and_cookie.json: COOKIE True - UUIDs True - TIMING, DEVICE and ...
- user-agent=Instagram 117.0.0.28.123 Android (28/9.0; 420dpi; 1080x1920; OnePlus; ONEPLUS A3003; OnePlus3; qcom; en_US; 180322800)
- phone_id=d2ae494d-2f06-4681-a48b-9c921cf0c11b
- uuid=423e6931-be2b-4a9b-9c1b-4d8fe19b14e6
- client_session_id=8ca04070-eaac-42ef-98bc-b9722fd1a387
- device_id=android-19c11c9b12e66074
2020-03-27 23:55:01,891 - instabot version: 0.115.0 (api_login) - INFO - LOGIN FLOW! Just logged-in: False
2020-03-27 23:55:03,368 - instabot version: 0.115.0 (api) - DEBUG - POST to endpoint: feed/timeline/ returned response: <Response [200]>
2020-03-27 23:55:04,110 - instabot version: 0.115.0 (api) - DEBUG - POST to endpoint: feed/reels_tray/ returned response: <Response [200]>
2020-03-27 23:55:04,116 - instabot version: 0.115.0 (api) - INFO - Logged-in successfully as 'nurchuliss'!
2020-03-27 23:55:04,117 - instabot version: 0.115.0 (bot_checkpoint) - DEBUG - Loading Checkpoint file from: /var/www/html/example.com/public_html/cron/insta/config/nurchuliss.checkpoint
2020-03-27 23:55:12,111 - instabot version: 0.115.0 (api) - DEBUG - POST to endpoint: media/configure/? returned response: <Response [400]>
2020-03-27 23:55:12,112 - instabot version: 0.115.0 (api) - DEBUG - Responsecode indicates error; response content: {"message": "Uploaded image isn't in the right format", "status": "fail"}
2020-03-27 23:55:12,112 - instabot version: 0.115.0 (api) - ERROR - Request returns 400 error!
2020-03-27 23:55:12,113 - instabot version: 0.115.0 (api) - INFO - Instagram's error message: Uploaded image isn't in the right format
2020-03-27 23:55:12,113 - instabot version: 0.115.0 (api) - INFO - Instagram's error message: {}
2020-03-27 23:55:24,924 - instabot version: 0.115.0 (api) - DEBUG - POST to endpoint: media/configure/? returned response: <Response [400]>
2020-03-27 23:55:24,925 - instabot version: 0.115.0 (api) - DEBUG - Responsecode indicates error; response content: {"message": "Uploaded image isn't in the right format", "status": "fail"}
2020-03-27 23:55:24,925 - instabot version: 0.115.0 (api) - ERROR - Request returns 400 error!
2020-03-27 23:55:24,926 - instabot version: 0.115.0 (api) - INFO - Instagram's error message: Uploaded image isn't in the right format
2020-03-27 23:55:24,926 - instabot version: 0.115.0 (api) - INFO - Instagram's error message: {}
2020-03-27 23:55:26,742 - instabot version: 0.115.0 (bot_checkpoint) - DEBUG - Saving Checkpoint file to: /var/www/html/example.com/public_html/cron/insta/config/nurchuliss.checkpoint
2020-03-27 23:55:26,743 - instabot version: 0.115.0 (bot) - INFO - Total requests: 167
2020-03-27 23:55:26,744 - instabot version: 0.115.0 (bot_checkpoint) - DEBUG - Saving Checkpoint file to: /var/www/html/example.com/public_html/cron/insta/config/nurchuliss.checkpoint
2020-03-27 23:55:26,748 - instabot version: 0.115.0 (bot) - INFO - Total requests: 170
2020-03-27 23:55:26,751 - instabot version: 0.115.0 (bot_checkpoint) - DEBUG - Saving Checkpoint file to: /var/www/html/example.com/public_html/cron/insta/config/nur_chulis.checkpoint
2020-03-27 23:55:26,752 - instabot version: 0.115.0 (bot) - INFO - Total requests: 41
2020-03-27 23:55:26,756 - instabot version: 0.115.0 (bot_checkpoint) - DEBUG - Saving Checkpoint file to: /var/www/html/example.com/public_html/cron/insta/config/nurchuliss.checkpoint
2020-03-27 23:55:26,759 - instabot version: 0.115.0 (bot) - INFO - Total requests: 168
2020-03-27 23:55:26,764 - instabot version: 0.115.0 (bot_checkpoint) - DEBUG - Saving Checkpoint file to: /var/www/html/example.com/public_html/cron/insta/config/nurchuliss.checkpoint
2020-03-27 23:55:26,765 - instabot version: 0.115.0 (bot) - INFO - Total requests: 168
