2020-03-20 19:50:06,632 - instabot version: 0.115.0 (bot) - INFO - Instabot version: 0.115.0 Started
2020-03-20 19:50:06,632 - instabot version: 0.115.0 (bot) - DEBUG - Bot imported from /usr/local/lib/python2.7/dist-packages/instabot/bot/bot.pyc
2020-03-20 19:50:06,634 - instabot version: 0.115.0 (api_login) - DEBUG - Loading cookies
2020-03-20 19:50:06,634 - instabot version: 0.115.0 (api_login) - DEBUG - Loading uuids
2020-03-20 19:50:06,635 - instabot version: 0.115.0 (api_login) - INFO - Recovery from /var/www/html/example.com/public_html/cron/insta/config/nurchuliss_uuid_and_cookie.json: COOKIE True - UUIDs True - TIMING, DEVICE and ...
- user-agent=Instagram 117.0.0.28.123 Android (28/9.0; 420dpi; 1080x1920; OnePlus; ONEPLUS A3003; OnePlus3; qcom; en_US; 180322800)
- phone_id=d2ae494d-2f06-4681-a48b-9c921cf0c11b
- uuid=423e6931-be2b-4a9b-9c1b-4d8fe19b14e6
- client_session_id=402b3a67-5743-4d04-a2fb-84b4e475e33c
- device_id=android-19c11c9b12e66074
2020-03-20 19:50:06,635 - instabot version: 0.115.0 (api_login) - INFO - LOGIN FLOW! Just logged-in: False
2020-03-20 19:50:08,309 - instabot version: 0.115.0 (api) - DEBUG - POST to endpoint: feed/timeline/ returned response: <Response [200]>
2020-03-20 19:50:09,155 - instabot version: 0.115.0 (api) - DEBUG - POST to endpoint: feed/reels_tray/ returned response: <Response [200]>
2020-03-20 19:50:09,785 - instabot version: 0.115.0 (api) - DEBUG - POST to endpoint: direct_v2/ranked_recipients/ returned response: <Response [200]>
2020-03-20 19:50:10,375 - instabot version: 0.115.0 (api) - DEBUG - POST to endpoint: direct_v2/ranked_recipients/ returned response: <Response [200]>
2020-03-20 19:50:10,952 - instabot version: 0.115.0 (api) - DEBUG - POST to endpoint: direct_v2/inbox/ returned response: <Response [200]>
2020-03-20 19:50:11,454 - instabot version: 0.115.0 (api) - DEBUG - GET to endpoint: direct_v2/get_presence/ returned response: <Response [200]>
2020-03-20 19:50:12,809 - instabot version: 0.115.0 (api) - DEBUG - GET to endpoint: news/inbox/?limited_activity=true&show_su=true returned response: <Response [200]>
2020-03-20 19:50:13,585 - instabot version: 0.115.0 (api) - DEBUG - GET to endpoint: users/profile_notice/ returned response: <Response [200]>
2020-03-20 19:50:14,409 - instabot version: 0.115.0 (api) - DEBUG - POST to endpoint: discover/explore/ returned response: <Response [200]>
2020-03-20 19:50:14,421 - instabot version: 0.115.0 (api) - INFO - Logged-in successfully as 'nurchuliss'!
2020-03-20 19:50:14,422 - instabot version: 0.115.0 (bot_checkpoint) - DEBUG - Loading Checkpoint file from: /var/www/html/example.com/public_html/cron/insta/config/nurchuliss.checkpoint
2020-03-20 19:50:40,968 - instabot version: 0.115.0 (bot_checkpoint) - DEBUG - Saving Checkpoint file to: /var/www/html/example.com/public_html/cron/insta/config/nurchuliss.checkpoint
2020-03-20 19:50:40,970 - instabot version: 0.115.0 (bot) - INFO - Total requests: 116
