2020-03-28 00:41:01,461 - instabot version: 0.115.0 (bot) - INFO - Instabot version: 0.115.0 Started
2020-03-28 00:41:01,461 - instabot version: 0.115.0 (bot) - DEBUG - Bot imported from /usr/local/lib/python2.7/dist-packages/instabot/bot/bot.pyc
2020-03-28 00:41:01,469 - instabot version: 0.115.0 (api_login) - DEBUG - Loading cookies
2020-03-28 00:41:01,470 - instabot version: 0.115.0 (api_login) - DEBUG - Loading uuids
2020-03-28 00:41:01,470 - instabot version: 0.115.0 (api_login) - INFO - Recovery from /var/www/html/example.com/public_html/cron/insta/config/nurchuliss_uuid_and_cookie.json: COOKIE True - UUIDs True - TIMING, DEVICE and ...
- user-agent=Instagram 117.0.0.28.123 Android (28/9.0; 420dpi; 1080x1920; OnePlus; ONEPLUS A3003; OnePlus3; qcom; en_US; 180322800)
- phone_id=d2ae494d-2f06-4681-a48b-9c921cf0c11b
- uuid=423e6931-be2b-4a9b-9c1b-4d8fe19b14e6
- client_session_id=4ca0fd49-59f0-4483-9e50-e01490497292
- device_id=android-19c11c9b12e66074
2020-03-28 00:41:01,470 - instabot version: 0.115.0 (api_login) - INFO - LOGIN FLOW! Just logged-in: False
2020-03-28 00:41:03,256 - instabot version: 0.115.0 (api) - DEBUG - POST to endpoint: feed/timeline/ returned response: <Response [200]>
2020-03-28 00:41:04,052 - instabot version: 0.115.0 (api) - DEBUG - POST to endpoint: feed/reels_tray/ returned response: <Response [200]>
2020-03-28 00:41:04,057 - instabot version: 0.115.0 (api) - INFO - Logged-in successfully as 'nurchuliss'!
2020-03-28 00:41:04,059 - instabot version: 0.115.0 (bot_checkpoint) - DEBUG - Loading Checkpoint file from: /var/www/html/example.com/public_html/cron/insta/config/nurchuliss.checkpoint
2020-03-28 00:41:28,139 - instabot version: 0.115.0 (api) - DEBUG - POST to endpoint: media/configure/? returned response: <Response [200]>
2020-03-28 00:41:28,617 - instabot version: 0.115.0 (api) - DEBUG - POST to endpoint: qe/expose/ returned response: <Response [200]>
2020-03-28 00:42:01,683 - instabot version: 0.115.0 (bot) - INFO - Instabot version: 0.115.0 Started
2020-03-28 00:42:01,687 - instabot version: 0.115.0 (bot) - DEBUG - Bot imported from /usr/local/lib/python2.7/dist-packages/instabot/bot/bot.pyc
2020-03-28 00:42:01,688 - instabot version: 0.115.0 (api_login) - DEBUG - Loading cookies
2020-03-28 00:42:01,694 - instabot version: 0.115.0 (api_login) - DEBUG - Loading uuids
2020-03-28 00:42:01,695 - instabot version: 0.115.0 (api_login) - INFO - Recovery from /var/www/html/example.com/public_html/cron/insta/config/nurchuliss_uuid_and_cookie.json: COOKIE True - UUIDs True - TIMING, DEVICE and ...
- user-agent=Instagram 117.0.0.28.123 Android (28/9.0; 420dpi; 1080x1920; OnePlus; ONEPLUS A3003; OnePlus3; qcom; en_US; 180322800)
- phone_id=d2ae494d-2f06-4681-a48b-9c921cf0c11b
- uuid=423e6931-be2b-4a9b-9c1b-4d8fe19b14e6
- client_session_id=4ca0fd49-59f0-4483-9e50-e01490497292
- device_id=android-19c11c9b12e66074
2020-03-28 00:42:01,697 - instabot version: 0.115.0 (api_login) - INFO - LOGIN FLOW! Just logged-in: False
2020-03-28 00:42:03,100 - instabot version: 0.115.0 (api) - DEBUG - POST to endpoint: feed/timeline/ returned response: <Response [200]>
2020-03-28 00:42:03,900 - instabot version: 0.115.0 (api) - DEBUG - POST to endpoint: feed/reels_tray/ returned response: <Response [200]>
2020-03-28 00:42:03,902 - instabot version: 0.115.0 (api) - INFO - Logged-in successfully as 'nurchuliss'!
2020-03-28 00:42:03,902 - instabot version: 0.115.0 (bot_checkpoint) - DEBUG - Loading Checkpoint file from: /var/www/html/example.com/public_html/cron/insta/config/nurchuliss.checkpoint
2020-03-28 00:42:28,370 - instabot version: 0.115.0 (api) - DEBUG - POST to endpoint: media/configure/? returned response: <Response [200]>
2020-03-28 00:42:28,842 - instabot version: 0.115.0 (api) - DEBUG - POST to endpoint: qe/expose/ returned response: <Response [200]>
