2020-03-25 19:43:57,804 - instabot version: 0.115.0 (bot) - INFO - Instabot version: 0.115.0 Started
2020-03-25 19:43:57,807 - instabot version: 0.115.0 (bot) - DEBUG - Bot imported from /usr/local/lib/python2.7/dist-packages/instabot/bot/bot.pyc
2020-03-25 19:43:57,808 - instabot version: 0.115.0 (api_login) - DEBUG - Loading cookies
2020-03-25 19:43:57,809 - instabot version: 0.115.0 (api_login) - DEBUG - Loading uuids
2020-03-25 19:43:57,809 - instabot version: 0.115.0 (api_login) - INFO - Recovery from /var/www/html/example.com/public_html/cron/insta/config/nurchuliss_uuid_and_cookie.json: COOKIE True - UUIDs True - TIMING, DEVICE and ...
- user-agent=Instagram 117.0.0.28.123 Android (28/9.0; 420dpi; 1080x1920; OnePlus; ONEPLUS A3003; OnePlus3; qcom; en_US; 180322800)
- phone_id=d2ae494d-2f06-4681-a48b-9c921cf0c11b
- uuid=423e6931-be2b-4a9b-9c1b-4d8fe19b14e6
- client_session_id=856d10c1-53ff-4575-ae18-e48408a91a59
- device_id=android-19c11c9b12e66074
2020-03-25 19:43:57,810 - instabot version: 0.115.0 (api_login) - INFO - LOGIN FLOW! Just logged-in: False
2020-03-25 19:43:58,991 - instabot version: 0.115.0 (api) - DEBUG - POST to endpoint: feed/timeline/ returned response: <Response [200]>
2020-03-25 19:44:00,563 - instabot version: 0.115.0 (api) - DEBUG - POST to endpoint: feed/reels_tray/ returned response: <Response [200]>
2020-03-25 19:44:00,945 - instabot version: 0.115.0 (api) - DEBUG - POST to endpoint: direct_v2/ranked_recipients/ returned response: <Response [200]>
2020-03-25 19:44:01,611 - instabot version: 0.115.0 (api) - DEBUG - POST to endpoint: direct_v2/ranked_recipients/ returned response: <Response [200]>
2020-03-25 19:44:01,992 - instabot version: 0.115.0 (api) - DEBUG - POST to endpoint: direct_v2/inbox/ returned response: <Response [200]>
2020-03-25 19:44:02,358 - instabot version: 0.115.0 (api) - DEBUG - GET to endpoint: direct_v2/get_presence/ returned response: <Response [200]>
2020-03-25 19:44:03,182 - instabot version: 0.115.0 (api) - DEBUG - GET to endpoint: news/inbox/?limited_activity=true&show_su=true returned response: <Response [200]>
2020-03-25 19:44:03,529 - instabot version: 0.115.0 (api) - DEBUG - GET to endpoint: users/profile_notice/ returned response: <Response [429]>
2020-03-25 19:44:03,529 - instabot version: 0.115.0 (api) - DEBUG - Responsecode indicates error; response content: {"message": "prefetch disabled", "status": "fail"}
2020-03-25 19:44:03,529 - instabot version: 0.115.0 (api) - ERROR - Request returns 429 error!
2020-03-25 19:44:03,531 - instabot version: 0.115.0 (api) - WARNING - That means 'too many requests'. I'll go to sleep for 5 minutes.
2020-03-25 19:44:15,831 - instabot version: 0.115.0 (bot) - INFO - Instabot version: 0.115.0 Started
2020-03-25 19:44:15,831 - instabot version: 0.115.0 (bot) - DEBUG - Bot imported from /usr/local/lib/python2.7/dist-packages/instabot/bot/bot.pyc
2020-03-25 19:44:15,832 - instabot version: 0.115.0 (api_login) - DEBUG - Loading cookies
2020-03-25 19:44:15,833 - instabot version: 0.115.0 (api_login) - DEBUG - Loading uuids
2020-03-25 19:44:15,833 - instabot version: 0.115.0 (api_login) - INFO - Recovery from /var/www/html/example.com/public_html/cron/insta/config/nurchuliss_uuid_and_cookie.json: COOKIE True - UUIDs True - TIMING, DEVICE and ...
- user-agent=Instagram 117.0.0.28.123 Android (28/9.0; 420dpi; 1080x1920; OnePlus; ONEPLUS A3003; OnePlus3; qcom; en_US; 180322800)
- phone_id=d2ae494d-2f06-4681-a48b-9c921cf0c11b
- uuid=423e6931-be2b-4a9b-9c1b-4d8fe19b14e6
- client_session_id=856d10c1-53ff-4575-ae18-e48408a91a59
- device_id=android-19c11c9b12e66074
2020-03-25 19:44:15,834 - instabot version: 0.115.0 (api_login) - INFO - LOGIN FLOW! Just logged-in: False
2020-03-25 19:44:17,394 - instabot version: 0.115.0 (api) - DEBUG - POST to endpoint: feed/timeline/ returned response: <Response [200]>
2020-03-25 19:44:18,772 - instabot version: 0.115.0 (api) - DEBUG - POST to endpoint: feed/reels_tray/ returned response: <Response [200]>
2020-03-25 19:44:19,652 - instabot version: 0.115.0 (api) - DEBUG - POST to endpoint: direct_v2/ranked_recipients/ returned response: <Response [200]>
2020-03-25 19:44:20,138 - instabot version: 0.115.0 (api) - DEBUG - POST to endpoint: direct_v2/ranked_recipients/ returned response: <Response [200]>
2020-03-25 19:44:20,724 - instabot version: 0.115.0 (api) - DEBUG - POST to endpoint: direct_v2/inbox/ returned response: <Response [200]>
2020-03-25 19:44:21,210 - instabot version: 0.115.0 (api) - DEBUG - GET to endpoint: direct_v2/get_presence/ returned response: <Response [200]>
2020-03-25 19:44:23,724 - instabot version: 0.115.0 (api) - DEBUG - GET to endpoint: news/inbox/?limited_activity=true&show_su=true returned response: <Response [200]>
2020-03-25 19:44:25,367 - instabot version: 0.115.0 (api) - DEBUG - GET to endpoint: users/profile_notice/ returned response: <Response [200]>
2020-03-25 19:44:27,233 - instabot version: 0.115.0 (api) - DEBUG - POST to endpoint: discover/explore/ returned response: <Response [200]>
2020-03-25 19:44:27,243 - instabot version: 0.115.0 (api) - INFO - Logged-in successfully as 'nurchuliss'!
2020-03-25 19:44:27,244 - instabot version: 0.115.0 (bot_checkpoint) - DEBUG - Loading Checkpoint file from: /var/www/html/example.com/public_html/cron/insta/config/nurchuliss.checkpoint
2020-03-25 19:44:41,451 - instabot version: 0.115.0 (bot_checkpoint) - DEBUG - Saving Checkpoint file to: /var/www/html/example.com/public_html/cron/insta/config/nurchuliss.checkpoint
2020-03-25 19:44:41,452 - instabot version: 0.115.0 (bot) - INFO - Total requests: 162
