2020-03-18 14:42:37,178 - instabot version: 0.115.0 (bot) - INFO - Instabot version: 0.115.0 Started
2020-03-18 14:42:37,179 - instabot version: 0.115.0 (bot) - DEBUG - Bot imported from /usr/local/lib/python2.7/dist-packages/instabot/bot/bot.pyc
2020-03-18 14:42:37,180 - instabot version: 0.115.0 (api_login) - DEBUG - Loading cookies
2020-03-18 14:42:37,181 - instabot version: 0.115.0 (api_login) - DEBUG - Loading uuids
2020-03-18 14:42:37,181 - instabot version: 0.115.0 (api_login) - INFO - Recovery from /var/www/html/example.com/public_html/cron/insta/config/nurchuliss_uuid_and_cookie.json: COOKIE True - UUIDs True - TIMING, DEVICE and ...
- user-agent=Instagram 117.0.0.28.123 Android (28/9.0; 420dpi; 1080x1920; OnePlus; ONEPLUS A3003; OnePlus3; qcom; en_US; 180322800)
- phone_id=d2ae494d-2f06-4681-a48b-9c921cf0c11b
- uuid=423e6931-be2b-4a9b-9c1b-4d8fe19b14e6
- client_session_id=5d5336f0-1c07-4248-ab97-461c67bbd884
- device_id=android-19c11c9b12e66074
2020-03-18 14:42:37,182 - instabot version: 0.115.0 (api_login) - INFO - LOGIN FLOW! Just logged-in: False
2020-03-18 14:42:38,342 - instabot version: 0.115.0 (api) - DEBUG - POST to endpoint: feed/timeline/ returned response: <Response [200]>
2020-03-18 14:42:38,823 - instabot version: 0.115.0 (api) - DEBUG - POST to endpoint: feed/reels_tray/ returned response: <Response [200]>
2020-03-18 14:42:39,315 - instabot version: 0.115.0 (api) - DEBUG - POST to endpoint: direct_v2/ranked_recipients/ returned response: <Response [200]>
2020-03-18 14:42:39,715 - instabot version: 0.115.0 (api) - DEBUG - POST to endpoint: direct_v2/ranked_recipients/ returned response: <Response [200]>
2020-03-18 14:42:40,145 - instabot version: 0.115.0 (api) - DEBUG - POST to endpoint: direct_v2/inbox/ returned response: <Response [200]>
2020-03-18 14:42:40,502 - instabot version: 0.115.0 (api) - DEBUG - GET to endpoint: direct_v2/get_presence/ returned response: <Response [200]>
2020-03-18 14:42:41,802 - instabot version: 0.115.0 (api) - DEBUG - GET to endpoint: news/inbox/?limited_activity=true&show_su=true returned response: <Response [200]>
2020-03-18 14:42:43,222 - instabot version: 0.115.0 (api) - DEBUG - GET to endpoint: users/profile_notice/ returned response: <Response [200]>
2020-03-18 14:42:43,711 - instabot version: 0.115.0 (api) - DEBUG - POST to endpoint: discover/explore/ returned response: <Response [200]>
2020-03-18 14:42:43,720 - instabot version: 0.115.0 (api) - INFO - Logged-in successfully as 'nurchuliss'!
2020-03-18 14:42:43,720 - instabot version: 0.115.0 (bot_checkpoint) - DEBUG - Loading Checkpoint file from: /var/www/html/example.com/public_html/cron/insta/config/nurchuliss.checkpoint
2020-03-18 14:42:46,789 - instabot version: 0.115.0 (api) - DEBUG - GET to endpoint: feed/tag/kpti1803/?max_id=&rank_token=31810048273_423e6931-be2b-4a9b-9c1b-4d8fe19b14e6&ranked_content=true& returned response: <Response [200]>
2020-03-18 14:42:46,815 - instabot version: 0.115.0 (bot_filter) - INFO - Received 48 medias.
2020-03-18 14:42:46,815 - instabot version: 0.115.0 (bot_filter) - INFO - After filtration 0 medias left.
2020-03-18 14:42:46,815 - instabot version: 0.115.0 (bot_checkpoint) - DEBUG - Saving Checkpoint file to: /var/www/html/example.com/public_html/cron/insta/config/nurchuliss.checkpoint
2020-03-18 14:42:46,816 - instabot version: 0.115.0 (bot) - INFO - Total requests: 48
