2020-03-25 22:26:05,996 - instabot version: 0.115.0 (bot) - INFO - Instabot version: 0.115.0 Started
2020-03-25 22:26:05,996 - instabot version: 0.115.0 (bot) - DEBUG - Bot imported from /usr/local/lib/python2.7/dist-packages/instabot/bot/bot.pyc
2020-03-25 22:26:05,997 - instabot version: 0.115.0 (api_login) - DEBUG - Loading cookies
2020-03-25 22:26:05,998 - instabot version: 0.115.0 (api_login) - DEBUG - Loading uuids
2020-03-25 22:26:05,998 - instabot version: 0.115.0 (api_login) - INFO - Recovery from /var/www/html/example.com/public_html/cron/insta/config/menabungtanah_uuid_and_cookie.json: COOKIE True - UUIDs True - TIMING, DEVICE and ...
- user-agent=Instagram 117.0.0.28.123 Android (28/9.0; 420dpi; 1080x1920; OnePlus; ONEPLUS A3003; OnePlus3; qcom; en_US; 180322800)
- phone_id=a30092fa-e99d-46c6-b2c6-a80dfd9fe9e9
- uuid=8aacbd94-8261-42c3-ae0d-d5476e870db9
- client_session_id=58f5fd4f-f694-43c5-a410-2c4a9174485e
- device_id=android-d13a49bfddbe7ce7
2020-03-25 22:26:05,999 - instabot version: 0.115.0 (api_login) - INFO - LOGIN FLOW! Just logged-in: False
2020-03-25 22:26:06,467 - instabot version: 0.115.0 (api) - DEBUG - POST to endpoint: feed/timeline/ returned response: <Response [400]>
2020-03-25 22:26:06,468 - instabot version: 0.115.0 (api) - DEBUG - Responsecode indicates error; response content: {"message": "challenge_required", "challenge": {"url": "https://i.instagram.com/challenge/?next=/api/v1/feed/timeline/", "api_path": "/challenge/", "hide_webview_header": true, "lock": true, "logout": false, "native_flow": true}, "status": "fail"}
2020-03-25 22:26:06,468 - instabot version: 0.115.0 (api) - ERROR - Request returns 400 error!
2020-03-25 22:26:06,468 - instabot version: 0.115.0 (api) - INFO - Instagram's error message: challenge_required
2020-03-25 22:26:06,468 - instabot version: 0.115.0 (api) - INFO - Instagram's error message: {}
2020-03-25 22:26:06,852 - instabot version: 0.115.0 (api) - DEBUG - POST to endpoint: feed/reels_tray/ returned response: <Response [429]>
2020-03-25 22:26:06,852 - instabot version: 0.115.0 (api) - DEBUG - Responsecode indicates error; response content: {"message": "prefetch disabled", "status": "fail"}
2020-03-25 22:26:06,852 - instabot version: 0.115.0 (api) - ERROR - Request returns 429 error!
2020-03-25 22:26:06,852 - instabot version: 0.115.0 (api) - WARNING - That means 'too many requests'. I'll go to sleep for 5 minutes.
