2020-03-25 13:49:18,505 - instabot version: 0.115.0 (bot) - INFO - Instabot version: 0.115.0 Started
2020-03-25 13:49:18,505 - instabot version: 0.115.0 (bot) - DEBUG - Bot imported from /usr/local/lib/python2.7/dist-packages/instabot/bot/bot.pyc
2020-03-25 13:49:18,508 - instabot version: 0.115.0 (api_login) - DEBUG - Loading cookies
2020-03-25 13:49:18,509 - instabot version: 0.115.0 (api_login) - DEBUG - Loading uuids
2020-03-25 13:49:18,509 - instabot version: 0.115.0 (api_login) - INFO - Recovery from /var/www/html/example.com/public_html/cron/insta/config/nurchuliss_uuid_and_cookie.json: COOKIE True - UUIDs True - TIMING, DEVICE and ...
- user-agent=Instagram 117.0.0.28.123 Android (28/9.0; 420dpi; 1080x1920; OnePlus; ONEPLUS A3003; OnePlus3; qcom; en_US; 180322800)
- phone_id=d2ae494d-2f06-4681-a48b-9c921cf0c11b
- uuid=423e6931-be2b-4a9b-9c1b-4d8fe19b14e6
- client_session_id=9a4a5255-2d8e-4901-9289-33a90f23a3fd
- device_id=android-19c11c9b12e66074
2020-03-25 13:49:18,510 - instabot version: 0.115.0 (api_login) - INFO - LOGIN FLOW! Just logged-in: False
2020-03-25 13:49:21,488 - instabot version: 0.115.0 (api) - DEBUG - POST to endpoint: feed/timeline/ returned response: <Response [200]>
2020-03-25 13:49:22,152 - instabot version: 0.115.0 (api) - DEBUG - POST to endpoint: feed/reels_tray/ returned response: <Response [200]>
2020-03-25 13:49:22,599 - instabot version: 0.115.0 (api) - DEBUG - POST to endpoint: direct_v2/ranked_recipients/ returned response: <Response [200]>
2020-03-25 13:49:22,962 - instabot version: 0.115.0 (api) - DEBUG - POST to endpoint: direct_v2/ranked_recipients/ returned response: <Response [200]>
2020-03-25 13:49:23,332 - instabot version: 0.115.0 (api) - DEBUG - POST to endpoint: direct_v2/inbox/ returned response: <Response [200]>
2020-03-25 13:49:23,700 - instabot version: 0.115.0 (api) - DEBUG - GET to endpoint: direct_v2/get_presence/ returned response: <Response [200]>
2020-03-25 13:49:24,521 - instabot version: 0.115.0 (api) - DEBUG - GET to endpoint: news/inbox/?limited_activity=true&show_su=true returned response: <Response [200]>
2020-03-25 13:49:24,895 - instabot version: 0.115.0 (api) - DEBUG - GET to endpoint: users/profile_notice/ returned response: <Response [200]>
2020-03-25 13:49:26,331 - instabot version: 0.115.0 (api) - DEBUG - POST to endpoint: discover/explore/ returned response: <Response [200]>
2020-03-25 13:49:26,335 - instabot version: 0.115.0 (api) - INFO - Logged-in successfully as 'nurchuliss'!
2020-03-25 13:49:26,336 - instabot version: 0.115.0 (bot_checkpoint) - DEBUG - Loading Checkpoint file from: /var/www/html/example.com/public_html/cron/insta/config/nurchuliss.checkpoint
2020-03-25 13:50:08,519 - instabot version: 0.115.0 (bot_checkpoint) - DEBUG - Saving Checkpoint file to: /var/www/html/example.com/public_html/cron/insta/config/nurchuliss.checkpoint
2020-03-25 13:50:08,521 - instabot version: 0.115.0 (bot) - INFO - Total requests: 162
