2020-03-18 14:38:47,183 - instabot version: 0.115.0 (bot) - INFO - Instabot version: 0.115.0 Started
2020-03-18 14:38:47,183 - instabot version: 0.115.0 (bot) - DEBUG - Bot imported from /usr/local/lib/python2.7/dist-packages/instabot/bot/bot.pyc
2020-03-18 14:38:47,185 - instabot version: 0.115.0 (api_login) - DEBUG - Loading cookies
2020-03-18 14:38:47,186 - instabot version: 0.115.0 (api_login) - DEBUG - Loading uuids
2020-03-18 14:38:47,186 - instabot version: 0.115.0 (api_login) - INFO - Recovery from /var/www/html/example.com/public_html/cron/insta/config/nurchuliss_uuid_and_cookie.json: COOKIE True - UUIDs True - TIMING, DEVICE and ...
- user-agent=Instagram 117.0.0.28.123 Android (28/9.0; 420dpi; 1080x1920; OnePlus; ONEPLUS A3003; OnePlus3; qcom; en_US; 180322800)
- phone_id=d2ae494d-2f06-4681-a48b-9c921cf0c11b
- uuid=423e6931-be2b-4a9b-9c1b-4d8fe19b14e6
- client_session_id=5d5336f0-1c07-4248-ab97-461c67bbd884
- device_id=android-19c11c9b12e66074
2020-03-18 14:38:47,186 - instabot version: 0.115.0 (api_login) - INFO - LOGIN FLOW! Just logged-in: False
2020-03-18 14:38:48,361 - instabot version: 0.115.0 (api) - DEBUG - POST to endpoint: feed/timeline/ returned response: <Response [200]>
2020-03-18 14:38:48,988 - instabot version: 0.115.0 (api) - DEBUG - POST to endpoint: feed/reels_tray/ returned response: <Response [200]>
2020-03-18 14:38:48,990 - instabot version: 0.115.0 (api) - INFO - Logged-in successfully as 'nurchuliss'!
2020-03-18 14:38:48,991 - instabot version: 0.115.0 (bot_checkpoint) - DEBUG - Loading Checkpoint file from: /var/www/html/example.com/public_html/cron/insta/config/nurchuliss.checkpoint
2020-03-18 14:38:53,007 - instabot version: 0.115.0 (api) - DEBUG - GET to endpoint: feed/tag/cats/?max_id=&rank_token=31810048273_423e6931-be2b-4a9b-9c1b-4d8fe19b14e6&ranked_content=true& returned response: <Response [200]>
2020-03-18 14:38:53,042 - instabot version: 0.115.0 (bot_filter) - INFO - Received 86 medias.
2020-03-18 14:38:53,042 - instabot version: 0.115.0 (bot_filter) - INFO - After filtration 1 medias left.
2020-03-18 14:38:53,043 - instabot version: 0.115.0 (bot_checkpoint) - DEBUG - Saving Checkpoint file to: /var/www/html/example.com/public_html/cron/insta/config/nurchuliss.checkpoint
2020-03-18 14:38:53,043 - instabot version: 0.115.0 (bot) - INFO - Total requests: 46
