2020-03-18 13:12:46,328 - instabot version: 0.115.0 (bot) - INFO - Instabot version: 0.115.0 Started
2020-03-18 13:12:46,328 - instabot version: 0.115.0 (bot) - DEBUG - Bot imported from /usr/local/lib/python2.7/dist-packages/instabot/bot/bot.pyc
2020-03-18 13:12:46,330 - instabot version: 0.115.0 (api_login) - INFO - Not yet logged in starting: PRE-LOGIN FLOW!
2020-03-18 13:12:47,157 - instabot version: 0.115.0 (api) - DEBUG - POST to endpoint: accounts/get_prefill_candidates/ returned response: <Response [200]>
2020-03-18 13:12:47,658 - instabot version: 0.115.0 (api) - DEBUG - POST to endpoint: qe/sync/ returned response: <Response [200]>
2020-03-18 13:12:49,136 - instabot version: 0.115.0 (api) - DEBUG - POST to endpoint: launcher/sync/ returned response: <Response [200]>
2020-03-18 13:12:50,620 - instabot version: 0.115.0 (api) - DEBUG - POST to endpoint: accounts/contact_point_prefill/ returned response: <Response [200]>
2020-03-18 13:12:52,196 - instabot version: 0.115.0 (api) - DEBUG - POST to endpoint: accounts/login/ returned response: <Response [200]>
2020-03-18 13:12:52,197 - instabot version: 0.115.0 (api) - INFO - Logged-in successfully as 'menabungtanah'!
2020-03-18 13:12:52,198 - instabot version: 0.115.0 (api_login) - INFO - LOGIN FLOW! Just logged-in: True
2020-03-18 13:12:52,690 - instabot version: 0.115.0 (api) - DEBUG - POST to endpoint: qe/sync/ returned response: <Response [200]>
2020-03-18 13:12:53,360 - instabot version: 0.115.0 (api) - DEBUG - POST to endpoint: launcher/sync/ returned response: <Response [200]>
2020-03-18 13:12:54,024 - instabot version: 0.115.0 (api) - DEBUG - GET to endpoint: zr/token/result/?device_id=android-d13a49bfddbe7ce7&token_hash=&custom_device_id=android-d13a49bfddbe7ce7&fetch_reason=token_expired returned response: <Response [200]>
2020-03-18 13:12:54,988 - instabot version: 0.115.0 (api) - DEBUG - GET to endpoint: multiple_accounts/get_account_family/ returned response: <Response [200]>
2020-03-18 13:12:55,487 - instabot version: 0.115.0 (api) - DEBUG - POST to endpoint: qe/sync/ returned response: <Response [200]>
2020-03-18 13:12:56,134 - instabot version: 0.115.0 (api) - DEBUG - GET to endpoint: igtv/browse_feed/?prefetch=1 returned response: <Response [200]>
2020-03-18 13:12:56,601 - instabot version: 0.115.0 (api) - DEBUG - POST to endpoint: creatives/ar_class/ returned response: <Response [200]>
2020-03-18 13:12:57,333 - instabot version: 0.115.0 (api) - DEBUG - POST to endpoint: feed/reels_tray/ returned response: <Response [200]>
2020-03-18 13:12:58,648 - instabot version: 0.115.0 (api) - DEBUG - POST to endpoint: feed/timeline/ returned response: <Response [200]>
2020-03-18 13:12:59,137 - instabot version: 0.115.0 (api) - DEBUG - GET to endpoint: media/blocked/ returned response: <Response [200]>
2020-03-18 13:12:59,924 - instabot version: 0.115.0 (api) - DEBUG - GET to endpoint: news/inbox/ returned response: <Response [200]>
2020-03-18 13:13:00,402 - instabot version: 0.115.0 (api) - DEBUG - GET to endpoint: loom/fetch_config/ returned response: <Response [200]>
2020-03-18 13:13:08,252 - instabot version: 0.115.0 (api) - DEBUG - GET to endpoint: scores/bootstrap/users/?surfaces=["autocomplete_user_list","coefficient_besties_list_ranking","coefficient_rank_recipient_user_suggestion","coefficient_ios_section_test_bootstrap_ranking","coefficient_direct_recipients_ranking_variant_2"] returned response: <Response [200]>
2020-03-18 13:13:08,734 - instabot version: 0.115.0 (api) - DEBUG - GET to endpoint: business/eligibility/get_monetization_products_eligibility_data/?product_types=branded_content returned response: <Response [200]>
2020-03-18 13:13:09,165 - instabot version: 0.115.0 (api) - DEBUG - GET to endpoint: business/branded_content/should_require_professional_account/ returned response: <Response [200]>
2020-03-18 13:13:09,528 - instabot version: 0.115.0 (api) - DEBUG - GET to endpoint: linked_accounts/get_linkage_status/ returned response: <Response [200]>
2020-03-18 13:13:09,892 - instabot version: 0.115.0 (api) - DEBUG - GET to endpoint: locations/request_country/ returned response: <Response [200]>
2020-03-18 13:13:10,250 - instabot version: 0.115.0 (api) - DEBUG - GET to endpoint: qp/get_cooldowns/?signed_body=signed_body=4b9c516a5410a3bc128e09c6104a7f042146b9c2023870560c63a43a7f66781c.4&ig_sig_key_version=4&ig_sig_key_version=4 returned response: <Response [200]>
2020-03-18 13:13:11,676 - instabot version: 0.115.0 (api) - DEBUG - GET to endpoint: users/arlink_download_info/?version_override=2.2.1 returned response: <Response [200]>
2020-03-18 13:13:12,232 - instabot version: 0.115.0 (api) - DEBUG - GET to endpoint: users/31601816761/info/ returned response: <Response [200]>
2020-03-18 13:13:12,592 - instabot version: 0.115.0 (api) - DEBUG - GET to endpoint: direct_v2/get_presence/ returned response: <Response [200]>
2020-03-18 13:13:13,010 - instabot version: 0.115.0 (api) - DEBUG - GET to endpoint: direct_v2/inbox/?visual_message_return_type=unseen&thread_message_limit=10&persistentBadging=true&limit=20 returned response: <Response [200]>
2020-03-18 13:13:13,582 - instabot version: 0.115.0 (api) - DEBUG - GET to endpoint: direct_v2/inbox/?visual_message_return_type=unseen&persistentBadging=true&limit=0 returned response: <Response [200]>
2020-03-18 13:13:14,148 - instabot version: 0.115.0 (api) - DEBUG - GET to endpoint: discover/topical_explore/?is_prefetch=true&omit_cover_media=true&use_sectional_payload=true&timezone_offset=0&session_id=dd54da24-561a-4af9-a615-72915b144618&include_fixed_destinations=true returned response: <Response [200]>
2020-03-18 13:13:14,550 - instabot version: 0.115.0 (api) - DEBUG - POST to endpoint: notifications/badge/ returned response: <Response [200]>
2020-03-18 13:13:15,179 - instabot version: 0.115.0 (api) - DEBUG - POST to endpoint: qp/batch_fetch/ returned response: <Response [200]>
2020-03-18 13:13:15,180 - instabot version: 0.115.0 (bot_checkpoint) - DEBUG - Loading Checkpoint file from: /var/www/html/example.com/public_html/cron/insta/config/menabungtanah.checkpoint
2020-03-18 13:13:15,742 - instabot version: 0.115.0 (api) - DEBUG - GET to endpoint: users/lego/usernameinfo/ returned response: <Response [200]>
2020-03-18 13:13:16,962 - instabot version: 0.115.0 (api) - DEBUG - GET to endpoint: users/196743444/info/ returned response: <Response [200]>
2020-03-18 13:13:16,963 - instabot version: 0.115.0 (bot_checkpoint) - DEBUG - Saving Checkpoint file to: /var/www/html/example.com/public_html/cron/insta/config/menabungtanah.checkpoint
2020-03-18 13:13:16,964 - instabot version: 0.115.0 (bot) - INFO - Total requests: 33
