2020-03-26 09:17:50,674 - instabot version: 0.115.0 (bot) - INFO - Instabot version: 0.115.0 Started
2020-03-26 09:17:50,675 - instabot version: 0.115.0 (bot) - DEBUG - Bot imported from /usr/local/lib/python2.7/dist-packages/instabot/bot/bot.pyc
2020-03-26 09:17:50,676 - instabot version: 0.115.0 (api_login) - DEBUG - Loading cookies
2020-03-26 09:17:50,678 - instabot version: 0.115.0 (api_login) - DEBUG - Loading uuids
2020-03-26 09:17:50,678 - instabot version: 0.115.0 (api_login) - INFO - Recovery from /var/www/html/example.com/public_html/cron/insta/config/nur_chulis_uuid_and_cookie.json: COOKIE True - UUIDs True - TIMING, DEVICE and ...
- user-agent=Instagram 117.0.0.28.123 Android (28/9.0; 420dpi; 1080x1920; OnePlus; ONEPLUS A3003; OnePlus3; qcom; en_US; 180322800)
- phone_id=2ab0891e-f163-433d-a907-e175545839f8
- uuid=a6e4e6ae-39df-433d-b0be-0bcf6e688e32
- client_session_id=68a39783-5cd1-460c-8881-fb06517d96c9
- device_id=android-23949ed952248490
2020-03-26 09:17:50,680 - instabot version: 0.115.0 (api_login) - INFO - LOGIN FLOW! Just logged-in: False
2020-03-26 09:17:51,891 - instabot version: 0.115.0 (api) - DEBUG - POST to endpoint: feed/timeline/ returned response: <Response [400]>
2020-03-26 09:17:51,892 - instabot version: 0.115.0 (api) - DEBUG - Responsecode indicates error; response content: {"message": "challenge_required", "challenge": {"url": "https://i.instagram.com/challenge/?next=/api/v1/feed/timeline/", "api_path": "/challenge/", "hide_webview_header": true, "lock": true, "logout": false, "native_flow": true}, "status": "fail"}
2020-03-26 09:17:51,892 - instabot version: 0.115.0 (api) - ERROR - Request returns 400 error!
2020-03-26 09:17:51,893 - instabot version: 0.115.0 (api) - INFO - Instagram's error message: challenge_required
2020-03-26 09:17:51,893 - instabot version: 0.115.0 (api) - INFO - Instagram's error message: {}
2020-03-26 09:17:52,458 - instabot version: 0.115.0 (api) - DEBUG - POST to endpoint: feed/reels_tray/ returned response: <Response [400]>
2020-03-26 09:17:52,460 - instabot version: 0.115.0 (api) - DEBUG - Responsecode indicates error; response content: {"message": "challenge_required", "challenge": {"url": "https://i.instagram.com/challenge/?next=/api/v1/feed/reels_tray/", "api_path": "/challenge/", "hide_webview_header": true, "lock": true, "logout": false, "native_flow": true}, "status": "fail"}
2020-03-26 09:17:52,460 - instabot version: 0.115.0 (api) - ERROR - Request returns 400 error!
2020-03-26 09:17:52,461 - instabot version: 0.115.0 (api) - INFO - Instagram's error message: challenge_required
2020-03-26 09:17:52,463 - instabot version: 0.115.0 (api) - INFO - Instagram's error message: {}
2020-03-26 09:17:52,465 - instabot version: 0.115.0 (api) - INFO - Login flow failed, the cookie is broken. Relogin again.
2020-03-26 09:17:52,468 - instabot version: 0.115.0 (api_login) - DEBUG - Loading cookies
2020-03-26 09:17:52,470 - instabot version: 0.115.0 (api_login) - DEBUG - Loading uuids
2020-03-26 09:17:52,471 - instabot version: 0.115.0 (api_login) - INFO - Recovery from /var/www/html/example.com/public_html/cron/insta/config/nur_chulis_uuid_and_cookie.json: COOKIE True - UUIDs True - TIMING, DEVICE and ...
- user-agent=Instagram 117.0.0.28.123 Android (28/9.0; 420dpi; 1080x1920; OnePlus; ONEPLUS A3003; OnePlus3; qcom; en_US; 180322800)
- phone_id=2ab0891e-f163-433d-a907-e175545839f8
- uuid=a6e4e6ae-39df-433d-b0be-0bcf6e688e32
- client_session_id=68a39783-5cd1-460c-8881-fb06517d96c9
- device_id=android-23949ed952248490
2020-03-26 09:17:52,474 - instabot version: 0.115.0 (api_login) - INFO - Not yet logged in starting: PRE-LOGIN FLOW!
2020-03-26 09:17:53,503 - instabot version: 0.115.0 (api) - DEBUG - POST to endpoint: accounts/get_prefill_candidates/ returned response: <Response [400]>
2020-03-26 09:17:53,505 - instabot version: 0.115.0 (api) - DEBUG - Responsecode indicates error; response content: {"message": "challenge_required", "challenge": {"url": "https://i.instagram.com/challenge/?next=/api/v1/accounts/get_prefill_candidates/", "api_path": "/challenge/", "hide_webview_header": true, "lock": true, "logout": false, "native_flow": true}, "status": "fail"}
2020-03-26 09:17:53,507 - instabot version: 0.115.0 (api) - ERROR - Request returns 400 error!
2020-03-26 09:17:53,508 - instabot version: 0.115.0 (api) - INFO - Instagram's error message: challenge_required
2020-03-26 09:17:53,510 - instabot version: 0.115.0 (api) - INFO - Instagram's error message: {}
2020-03-26 09:17:54,121 - instabot version: 0.115.0 (api) - DEBUG - POST to endpoint: qe/sync/ returned response: <Response [400]>
2020-03-26 09:17:54,122 - instabot version: 0.115.0 (api) - DEBUG - Responsecode indicates error; response content: {"message": "challenge_required", "challenge": {"url": "https://i.instagram.com/challenge/?next=/api/v1/qe/sync/", "api_path": "/challenge/", "hide_webview_header": true, "lock": true, "logout": false, "native_flow": true}, "status": "fail"}
2020-03-26 09:17:54,122 - instabot version: 0.115.0 (api) - ERROR - Request returns 400 error!
2020-03-26 09:17:54,126 - instabot version: 0.115.0 (api) - INFO - Instagram's error message: challenge_required
2020-03-26 09:17:54,127 - instabot version: 0.115.0 (api) - INFO - Instagram's error message: {}
2020-03-26 09:17:56,304 - instabot version: 0.115.0 (api) - DEBUG - POST to endpoint: launcher/sync/ returned response: <Response [400]>
2020-03-26 09:17:56,304 - instabot version: 0.115.0 (api) - DEBUG - Responsecode indicates error; response content: {"message": "challenge_required", "challenge": {"url": "https://i.instagram.com/challenge/?next=/api/v1/launcher/sync/", "api_path": "/challenge/", "hide_webview_header": true, "lock": true, "logout": false, "native_flow": true}, "status": "fail"}
2020-03-26 09:17:56,305 - instabot version: 0.115.0 (api) - ERROR - Request returns 400 error!
2020-03-26 09:17:56,307 - instabot version: 0.115.0 (api) - INFO - Instagram's error message: challenge_required
2020-03-26 09:17:56,308 - instabot version: 0.115.0 (api) - INFO - Instagram's error message: {}
2020-03-26 09:17:57,160 - instabot version: 0.115.0 (api) - DEBUG - POST to endpoint: accounts/contact_point_prefill/ returned response: <Response [400]>
2020-03-26 09:17:57,160 - instabot version: 0.115.0 (api) - DEBUG - Responsecode indicates error; response content: {"message": "challenge_required", "challenge": {"url": "https://i.instagram.com/challenge/?next=/api/v1/accounts/contact_point_prefill/", "api_path": "/challenge/", "hide_webview_header": true, "lock": true, "logout": false, "native_flow": true}, "status": "fail"}
2020-03-26 09:17:57,160 - instabot version: 0.115.0 (api) - ERROR - Request returns 400 error!
2020-03-26 09:17:57,162 - instabot version: 0.115.0 (api) - INFO - Instagram's error message: challenge_required
2020-03-26 09:17:57,163 - instabot version: 0.115.0 (api) - INFO - Instagram's error message: {}
2020-03-26 09:17:57,721 - instabot version: 0.115.0 (api) - DEBUG - POST to endpoint: accounts/login/ returned response: <Response [400]>
2020-03-26 09:17:57,721 - instabot version: 0.115.0 (api) - DEBUG - Responsecode indicates error; response content: {"message": "challenge_required", "challenge": {"url": "https://i.instagram.com/challenge/?next=/api/v1/accounts/login/", "api_path": "/challenge/", "hide_webview_header": true, "lock": true, "logout": false, "native_flow": true}, "status": "fail"}
2020-03-26 09:17:57,722 - instabot version: 0.115.0 (api) - ERROR - Request returns 400 error!
2020-03-26 09:17:57,722 - instabot version: 0.115.0 (api) - INFO - Instagram's error message: challenge_required
2020-03-26 09:17:57,722 - instabot version: 0.115.0 (api) - INFO - Instagram's error message: {}
2020-03-26 09:17:57,722 - instabot version: 0.115.0 (api) - ERROR - Failed to login go to instagram and change your password
2020-03-26 09:17:57,723 - instabot version: 0.115.0 (api) - INFO - Username or password is incorrect.
2020-03-26 09:18:12,082 - instabot version: 0.115.0 (bot) - INFO - Instabot version: 0.115.0 Started
2020-03-26 09:18:12,084 - instabot version: 0.115.0 (bot) - DEBUG - Bot imported from /usr/local/lib/python2.7/dist-packages/instabot/bot/bot.pyc
2020-03-26 09:18:12,087 - instabot version: 0.115.0 (api_login) - DEBUG - Loading cookies
2020-03-26 09:18:12,092 - instabot version: 0.115.0 (api_login) - DEBUG - Loading uuids
2020-03-26 09:18:12,093 - instabot version: 0.115.0 (api_login) - INFO - Recovery from /var/www/html/example.com/public_html/cron/insta/config/nur_chulis_uuid_and_cookie.json: COOKIE True - UUIDs True - TIMING, DEVICE and ...
- user-agent=Instagram 117.0.0.28.123 Android (28/9.0; 420dpi; 1080x1920; OnePlus; ONEPLUS A3003; OnePlus3; qcom; en_US; 180322800)
- phone_id=2ab0891e-f163-433d-a907-e175545839f8
- uuid=a6e4e6ae-39df-433d-b0be-0bcf6e688e32
- client_session_id=68a39783-5cd1-460c-8881-fb06517d96c9
- device_id=android-23949ed952248490
2020-03-26 09:18:12,094 - instabot version: 0.115.0 (api_login) - INFO - LOGIN FLOW! Just logged-in: False
2020-03-26 09:18:16,513 - instabot version: 0.115.0 (api) - DEBUG - POST to endpoint: feed/timeline/ returned response: <Response [200]>
2020-03-26 09:18:22,873 - instabot version: 0.115.0 (api) - DEBUG - POST to endpoint: feed/reels_tray/ returned response: <Response [200]>
2020-03-26 09:18:22,879 - instabot version: 0.115.0 (api) - INFO - Logged-in successfully as 'nur_chulis'!
2020-03-26 09:18:22,881 - instabot version: 0.115.0 (bot_checkpoint) - DEBUG - Loading Checkpoint file from: /var/www/html/example.com/public_html/cron/insta/config/nur_chulis.checkpoint
2020-03-26 09:34:32,008 - instabot version: 0.115.0 (bot) - INFO - Instabot version: 0.115.0 Started
2020-03-26 09:34:32,009 - instabot version: 0.115.0 (bot) - DEBUG - Bot imported from /usr/local/lib/python2.7/dist-packages/instabot/bot/bot.pyc
2020-03-26 09:34:32,013 - instabot version: 0.115.0 (api_login) - DEBUG - Loading cookies
2020-03-26 09:34:32,014 - instabot version: 0.115.0 (api_login) - DEBUG - Loading uuids
2020-03-26 09:34:32,014 - instabot version: 0.115.0 (api_login) - INFO - Recovery from /var/www/html/example.com/public_html/cron/insta/config/menabungtanah_uuid_and_cookie.json: COOKIE True - UUIDs True - TIMING, DEVICE and ...
- user-agent=Instagram 117.0.0.28.123 Android (28/9.0; 420dpi; 1080x1920; OnePlus; ONEPLUS A3003; OnePlus3; qcom; en_US; 180322800)
- phone_id=a30092fa-e99d-46c6-b2c6-a80dfd9fe9e9
- uuid=8aacbd94-8261-42c3-ae0d-d5476e870db9
- client_session_id=fa549058-412a-463b-8d79-e5410f05e77f
- device_id=android-d13a49bfddbe7ce7
2020-03-26 09:34:32,017 - instabot version: 0.115.0 (api_login) - INFO - LOGIN FLOW! Just logged-in: False
2020-03-26 09:34:32,386 - instabot version: 0.115.0 (api) - DEBUG - POST to endpoint: feed/timeline/ returned response: <Response [400]>
2020-03-26 09:34:32,387 - instabot version: 0.115.0 (api) - DEBUG - Responsecode indicates error; response content: {"message": "challenge_required", "challenge": {"url": "https://i.instagram.com/challenge/?next=/api/v1/feed/timeline/", "api_path": "/challenge/", "hide_webview_header": true, "lock": true, "logout": false, "native_flow": true}, "status": "fail"}
2020-03-26 09:34:32,387 - instabot version: 0.115.0 (api) - ERROR - Request returns 400 error!
2020-03-26 09:34:32,388 - instabot version: 0.115.0 (api) - INFO - Instagram's error message: challenge_required
2020-03-26 09:34:32,389 - instabot version: 0.115.0 (api) - INFO - Instagram's error message: {}
2020-03-26 09:34:32,750 - instabot version: 0.115.0 (api) - DEBUG - POST to endpoint: feed/reels_tray/ returned response: <Response [400]>
2020-03-26 09:34:32,750 - instabot version: 0.115.0 (api) - DEBUG - Responsecode indicates error; response content: {"message": "challenge_required", "challenge": {"url": "https://i.instagram.com/challenge/?next=/api/v1/feed/reels_tray/", "api_path": "/challenge/", "hide_webview_header": true, "lock": true, "logout": false, "native_flow": true}, "status": "fail"}
2020-03-26 09:34:32,751 - instabot version: 0.115.0 (api) - ERROR - Request returns 400 error!
2020-03-26 09:34:32,752 - instabot version: 0.115.0 (api) - INFO - Instagram's error message: challenge_required
2020-03-26 09:34:32,753 - instabot version: 0.115.0 (api) - INFO - Instagram's error message: {}
2020-03-26 09:34:32,754 - instabot version: 0.115.0 (api) - INFO - Login flow failed, the cookie is broken. Relogin again.
2020-03-26 09:34:32,756 - instabot version: 0.115.0 (api_login) - DEBUG - Loading cookies
2020-03-26 09:34:32,757 - instabot version: 0.115.0 (api_login) - DEBUG - Loading uuids
2020-03-26 09:34:32,757 - instabot version: 0.115.0 (api_login) - INFO - Recovery from /var/www/html/example.com/public_html/cron/insta/config/menabungtanah_uuid_and_cookie.json: COOKIE True - UUIDs True - TIMING, DEVICE and ...
- user-agent=Instagram 117.0.0.28.123 Android (28/9.0; 420dpi; 1080x1920; OnePlus; ONEPLUS A3003; OnePlus3; qcom; en_US; 180322800)
- phone_id=a30092fa-e99d-46c6-b2c6-a80dfd9fe9e9
- uuid=8aacbd94-8261-42c3-ae0d-d5476e870db9
- client_session_id=fa549058-412a-463b-8d79-e5410f05e77f
- device_id=android-d13a49bfddbe7ce7
2020-03-26 09:34:32,759 - instabot version: 0.115.0 (api_login) - INFO - Not yet logged in starting: PRE-LOGIN FLOW!
2020-03-26 09:34:33,116 - instabot version: 0.115.0 (api) - DEBUG - POST to endpoint: accounts/get_prefill_candidates/ returned response: <Response [400]>
2020-03-26 09:34:33,117 - instabot version: 0.115.0 (api) - DEBUG - Responsecode indicates error; response content: {"message": "challenge_required", "challenge": {"url": "https://i.instagram.com/challenge/?next=/api/v1/accounts/get_prefill_candidates/", "api_path": "/challenge/", "hide_webview_header": true, "lock": true, "logout": false, "native_flow": true}, "status": "fail"}
2020-03-26 09:34:33,117 - instabot version: 0.115.0 (api) - ERROR - Request returns 400 error!
2020-03-26 09:34:33,119 - instabot version: 0.115.0 (api) - INFO - Instagram's error message: challenge_required
2020-03-26 09:34:33,120 - instabot version: 0.115.0 (api) - INFO - Instagram's error message: {}
2020-03-26 09:34:33,478 - instabot version: 0.115.0 (api) - DEBUG - POST to endpoint: qe/sync/ returned response: <Response [400]>
2020-03-26 09:34:33,479 - instabot version: 0.115.0 (api) - DEBUG - Responsecode indicates error; response content: {"message": "challenge_required", "challenge": {"url": "https://i.instagram.com/challenge/?next=/api/v1/qe/sync/", "api_path": "/challenge/", "hide_webview_header": true, "lock": true, "logout": false, "native_flow": true}, "status": "fail"}
2020-03-26 09:34:33,479 - instabot version: 0.115.0 (api) - ERROR - Request returns 400 error!
2020-03-26 09:34:33,481 - instabot version: 0.115.0 (api) - INFO - Instagram's error message: challenge_required
2020-03-26 09:34:33,482 - instabot version: 0.115.0 (api) - INFO - Instagram's error message: {}
2020-03-26 09:34:34,235 - instabot version: 0.115.0 (api) - DEBUG - POST to endpoint: launcher/sync/ returned response: <Response [400]>
2020-03-26 09:34:34,236 - instabot version: 0.115.0 (api) - DEBUG - Responsecode indicates error; response content: {"message": "challenge_required", "challenge": {"url": "https://i.instagram.com/challenge/?next=/api/v1/launcher/sync/", "api_path": "/challenge/", "hide_webview_header": true, "lock": true, "logout": false, "native_flow": true}, "status": "fail"}
2020-03-26 09:34:34,236 - instabot version: 0.115.0 (api) - ERROR - Request returns 400 error!
2020-03-26 09:34:34,237 - instabot version: 0.115.0 (api) - INFO - Instagram's error message: challenge_required
2020-03-26 09:34:34,238 - instabot version: 0.115.0 (api) - INFO - Instagram's error message: {}
2020-03-26 09:34:34,588 - instabot version: 0.115.0 (api) - DEBUG - POST to endpoint: accounts/contact_point_prefill/ returned response: <Response [400]>
2020-03-26 09:34:34,591 - instabot version: 0.115.0 (api) - DEBUG - Responsecode indicates error; response content: {"message": "challenge_required", "challenge": {"url": "https://i.instagram.com/challenge/?next=/api/v1/accounts/contact_point_prefill/", "api_path": "/challenge/", "hide_webview_header": true, "lock": true, "logout": false, "native_flow": true}, "status": "fail"}
2020-03-26 09:34:34,594 - instabot version: 0.115.0 (api) - ERROR - Request returns 400 error!
2020-03-26 09:34:34,596 - instabot version: 0.115.0 (api) - INFO - Instagram's error message: challenge_required
2020-03-26 09:34:34,596 - instabot version: 0.115.0 (api) - INFO - Instagram's error message: {}
2020-03-26 09:34:34,946 - instabot version: 0.115.0 (api) - DEBUG - POST to endpoint: accounts/login/ returned response: <Response [400]>
2020-03-26 09:34:34,948 - instabot version: 0.115.0 (api) - DEBUG - Responsecode indicates error; response content: {"message": "challenge_required", "challenge": {"url": "https://i.instagram.com/challenge/?next=/api/v1/accounts/login/", "api_path": "/challenge/", "hide_webview_header": true, "lock": true, "logout": false, "native_flow": true}, "status": "fail"}
2020-03-26 09:34:34,949 - instabot version: 0.115.0 (api) - ERROR - Request returns 400 error!
2020-03-26 09:34:34,950 - instabot version: 0.115.0 (api) - INFO - Instagram's error message: challenge_required
2020-03-26 09:34:34,951 - instabot version: 0.115.0 (api) - INFO - Instagram's error message: {}
2020-03-26 09:34:34,951 - instabot version: 0.115.0 (api) - ERROR - Failed to login go to instagram and change your password
2020-03-26 09:34:34,952 - instabot version: 0.115.0 (api) - INFO - Username or password is incorrect.
2020-03-26 09:34:53,044 - instabot version: 0.115.0 (bot) - INFO - Instabot version: 0.115.0 Started
2020-03-26 09:34:53,049 - instabot version: 0.115.0 (bot) - DEBUG - Bot imported from /usr/local/lib/python2.7/dist-packages/instabot/bot/bot.pyc
2020-03-26 09:34:53,051 - instabot version: 0.115.0 (api_login) - DEBUG - Loading cookies
2020-03-26 09:34:53,056 - instabot version: 0.115.0 (api_login) - DEBUG - Loading uuids
2020-03-26 09:34:53,056 - instabot version: 0.115.0 (api_login) - INFO - Recovery from /var/www/html/example.com/public_html/cron/insta/config/menabungtanah_uuid_and_cookie.json: COOKIE True - UUIDs True - TIMING, DEVICE and ...
- user-agent=Instagram 117.0.0.28.123 Android (28/9.0; 420dpi; 1080x1920; OnePlus; ONEPLUS A3003; OnePlus3; qcom; en_US; 180322800)
- phone_id=a30092fa-e99d-46c6-b2c6-a80dfd9fe9e9
- uuid=8aacbd94-8261-42c3-ae0d-d5476e870db9
- client_session_id=fa549058-412a-463b-8d79-e5410f05e77f
- device_id=android-d13a49bfddbe7ce7
2020-03-26 09:34:53,060 - instabot version: 0.115.0 (api_login) - INFO - LOGIN FLOW! Just logged-in: False
2020-03-26 09:34:53,413 - instabot version: 0.115.0 (api) - DEBUG - POST to endpoint: feed/timeline/ returned response: <Response [400]>
2020-03-26 09:34:53,415 - instabot version: 0.115.0 (api) - DEBUG - Responsecode indicates error; response content: {"message": "challenge_required", "challenge": {"url": "https://i.instagram.com/challenge/?next=/api/v1/feed/timeline/", "api_path": "/challenge/", "hide_webview_header": true, "lock": true, "logout": false, "native_flow": true}, "status": "fail"}
2020-03-26 09:34:53,415 - instabot version: 0.115.0 (api) - ERROR - Request returns 400 error!
2020-03-26 09:34:53,418 - instabot version: 0.115.0 (api) - INFO - Instagram's error message: challenge_required
2020-03-26 09:34:53,421 - instabot version: 0.115.0 (api) - INFO - Instagram's error message: {}
2020-03-26 09:34:53,796 - instabot version: 0.115.0 (api) - DEBUG - POST to endpoint: feed/reels_tray/ returned response: <Response [400]>
2020-03-26 09:34:53,797 - instabot version: 0.115.0 (api) - DEBUG - Responsecode indicates error; response content: {"message": "challenge_required", "challenge": {"url": "https://i.instagram.com/challenge/?next=/api/v1/feed/reels_tray/", "api_path": "/challenge/", "hide_webview_header": true, "lock": true, "logout": false, "native_flow": true}, "status": "fail"}
2020-03-26 09:34:53,797 - instabot version: 0.115.0 (api) - ERROR - Request returns 400 error!
2020-03-26 09:34:53,803 - instabot version: 0.115.0 (api) - INFO - Instagram's error message: challenge_required
2020-03-26 09:34:53,805 - instabot version: 0.115.0 (api) - INFO - Instagram's error message: {}
2020-03-26 09:34:53,806 - instabot version: 0.115.0 (api) - INFO - Login flow failed, the cookie is broken. Relogin again.
2020-03-26 09:34:53,810 - instabot version: 0.115.0 (api_login) - DEBUG - Loading cookies
2020-03-26 09:34:53,811 - instabot version: 0.115.0 (api_login) - DEBUG - Loading uuids
2020-03-26 09:34:53,814 - instabot version: 0.115.0 (api_login) - INFO - Recovery from /var/www/html/example.com/public_html/cron/insta/config/menabungtanah_uuid_and_cookie.json: COOKIE True - UUIDs True - TIMING, DEVICE and ...
- user-agent=Instagram 117.0.0.28.123 Android (28/9.0; 420dpi; 1080x1920; OnePlus; ONEPLUS A3003; OnePlus3; qcom; en_US; 180322800)
- phone_id=a30092fa-e99d-46c6-b2c6-a80dfd9fe9e9
- uuid=8aacbd94-8261-42c3-ae0d-d5476e870db9
- client_session_id=fa549058-412a-463b-8d79-e5410f05e77f
- device_id=android-d13a49bfddbe7ce7
2020-03-26 09:34:53,815 - instabot version: 0.115.0 (api_login) - INFO - Not yet logged in starting: PRE-LOGIN FLOW!
2020-03-26 09:34:54,176 - instabot version: 0.115.0 (api) - DEBUG - POST to endpoint: accounts/get_prefill_candidates/ returned response: <Response [400]>
2020-03-26 09:34:54,177 - instabot version: 0.115.0 (api) - DEBUG - Responsecode indicates error; response content: {"message": "challenge_required", "challenge": {"url": "https://i.instagram.com/challenge/?next=/api/v1/accounts/get_prefill_candidates/", "api_path": "/challenge/", "hide_webview_header": true, "lock": true, "logout": false, "native_flow": true}, "status": "fail"}
2020-03-26 09:34:54,177 - instabot version: 0.115.0 (api) - ERROR - Request returns 400 error!
2020-03-26 09:34:54,178 - instabot version: 0.115.0 (api) - INFO - Instagram's error message: challenge_required
2020-03-26 09:34:54,179 - instabot version: 0.115.0 (api) - INFO - Instagram's error message: {}
2020-03-26 09:34:54,517 - instabot version: 0.115.0 (api) - DEBUG - POST to endpoint: qe/sync/ returned response: <Response [400]>
2020-03-26 09:34:54,518 - instabot version: 0.115.0 (api) - DEBUG - Responsecode indicates error; response content: {"message": "challenge_required", "challenge": {"url": "https://i.instagram.com/challenge/?next=/api/v1/qe/sync/", "api_path": "/challenge/", "hide_webview_header": true, "lock": true, "logout": false, "native_flow": true}, "status": "fail"}
2020-03-26 09:34:54,519 - instabot version: 0.115.0 (api) - ERROR - Request returns 400 error!
2020-03-26 09:34:54,520 - instabot version: 0.115.0 (api) - INFO - Instagram's error message: challenge_required
2020-03-26 09:34:54,521 - instabot version: 0.115.0 (api) - INFO - Instagram's error message: {}
2020-03-26 09:34:54,856 - instabot version: 0.115.0 (api) - DEBUG - POST to endpoint: launcher/sync/ returned response: <Response [400]>
2020-03-26 09:34:54,857 - instabot version: 0.115.0 (api) - DEBUG - Responsecode indicates error; response content: {"message": "challenge_required", "challenge": {"url": "https://i.instagram.com/challenge/?next=/api/v1/launcher/sync/", "api_path": "/challenge/", "hide_webview_header": true, "lock": true, "logout": false, "native_flow": true}, "status": "fail"}
2020-03-26 09:34:54,857 - instabot version: 0.115.0 (api) - ERROR - Request returns 400 error!
2020-03-26 09:34:54,859 - instabot version: 0.115.0 (api) - INFO - Instagram's error message: challenge_required
2020-03-26 09:34:54,860 - instabot version: 0.115.0 (api) - INFO - Instagram's error message: {}
2020-03-26 09:34:55,211 - instabot version: 0.115.0 (api) - DEBUG - POST to endpoint: accounts/contact_point_prefill/ returned response: <Response [400]>
2020-03-26 09:34:55,211 - instabot version: 0.115.0 (api) - DEBUG - Responsecode indicates error; response content: {"message": "challenge_required", "challenge": {"url": "https://i.instagram.com/challenge/?next=/api/v1/accounts/contact_point_prefill/", "api_path": "/challenge/", "hide_webview_header": true, "lock": true, "logout": false, "native_flow": true}, "status": "fail"}
2020-03-26 09:34:55,212 - instabot version: 0.115.0 (api) - ERROR - Request returns 400 error!
2020-03-26 09:34:55,213 - instabot version: 0.115.0 (api) - INFO - Instagram's error message: challenge_required
2020-03-26 09:34:55,214 - instabot version: 0.115.0 (api) - INFO - Instagram's error message: {}
2020-03-26 09:34:55,587 - instabot version: 0.115.0 (api) - DEBUG - POST to endpoint: accounts/login/ returned response: <Response [400]>
2020-03-26 09:34:55,588 - instabot version: 0.115.0 (api) - DEBUG - Responsecode indicates error; response content: {"message": "challenge_required", "challenge": {"url": "https://i.instagram.com/challenge/?next=/api/v1/accounts/login/", "api_path": "/challenge/", "hide_webview_header": true, "lock": true, "logout": false, "native_flow": true}, "status": "fail"}
2020-03-26 09:34:55,588 - instabot version: 0.115.0 (api) - ERROR - Request returns 400 error!
2020-03-26 09:34:55,589 - instabot version: 0.115.0 (api) - INFO - Instagram's error message: challenge_required
2020-03-26 09:34:55,592 - instabot version: 0.115.0 (api) - INFO - Instagram's error message: {}
2020-03-26 09:34:55,595 - instabot version: 0.115.0 (api) - ERROR - Failed to login go to instagram and change your password
2020-03-26 09:34:55,599 - instabot version: 0.115.0 (api) - INFO - Username or password is incorrect.
2020-03-26 09:37:56,550 - instabot version: 0.115.0 (bot) - INFO - Instabot version: 0.115.0 Started
2020-03-26 09:37:56,552 - instabot version: 0.115.0 (bot) - DEBUG - Bot imported from /usr/local/lib/python2.7/dist-packages/instabot/bot/bot.pyc
2020-03-26 09:37:56,554 - instabot version: 0.115.0 (api_login) - DEBUG - Loading cookies
2020-03-26 09:37:56,556 - instabot version: 0.115.0 (api_login) - DEBUG - Loading uuids
2020-03-26 09:37:56,559 - instabot version: 0.115.0 (api_login) - INFO - Recovery from /var/www/html/example.com/public_html/cron/insta/config/nur_chulis_uuid_and_cookie.json: COOKIE True - UUIDs True - TIMING, DEVICE and ...
- user-agent=Instagram 117.0.0.28.123 Android (28/9.0; 420dpi; 1080x1920; OnePlus; ONEPLUS A3003; OnePlus3; qcom; en_US; 180322800)
- phone_id=2ab0891e-f163-433d-a907-e175545839f8
- uuid=a6e4e6ae-39df-433d-b0be-0bcf6e688e32
- client_session_id=68a39783-5cd1-460c-8881-fb06517d96c9
- device_id=android-23949ed952248490
2020-03-26 09:37:56,560 - instabot version: 0.115.0 (api_login) - INFO - LOGIN FLOW! Just logged-in: False
2020-03-26 09:37:57,864 - instabot version: 0.115.0 (api) - DEBUG - POST to endpoint: feed/timeline/ returned response: <Response [200]>
2020-03-26 09:37:59,260 - instabot version: 0.115.0 (api) - DEBUG - POST to endpoint: feed/reels_tray/ returned response: <Response [200]>
2020-03-26 09:37:59,269 - instabot version: 0.115.0 (api) - INFO - Logged-in successfully as 'nur_chulis'!
2020-03-26 09:37:59,270 - instabot version: 0.115.0 (bot_checkpoint) - DEBUG - Loading Checkpoint file from: /var/www/html/example.com/public_html/cron/insta/config/nur_chulis.checkpoint
2020-03-26 09:41:05,410 - instabot version: 0.115.0 (bot) - INFO - Instabot version: 0.115.0 Started
2020-03-26 09:41:05,411 - instabot version: 0.115.0 (bot) - DEBUG - Bot imported from /usr/local/lib/python2.7/dist-packages/instabot/bot/bot.pyc
2020-03-26 09:41:05,413 - instabot version: 0.115.0 (api_login) - DEBUG - Loading cookies
2020-03-26 09:41:05,415 - instabot version: 0.115.0 (api_login) - DEBUG - Loading uuids
2020-03-26 09:41:05,416 - instabot version: 0.115.0 (api_login) - INFO - Recovery from /var/www/html/example.com/public_html/cron/insta/config/nur_chulis_uuid_and_cookie.json: COOKIE True - UUIDs True - TIMING, DEVICE and ...
- user-agent=Instagram 117.0.0.28.123 Android (28/9.0; 420dpi; 1080x1920; OnePlus; ONEPLUS A3003; OnePlus3; qcom; en_US; 180322800)
- phone_id=2ab0891e-f163-433d-a907-e175545839f8
- uuid=a6e4e6ae-39df-433d-b0be-0bcf6e688e32
- client_session_id=68a39783-5cd1-460c-8881-fb06517d96c9
- device_id=android-23949ed952248490
2020-03-26 09:41:05,417 - instabot version: 0.115.0 (api_login) - INFO - LOGIN FLOW! Just logged-in: False
2020-03-26 09:41:07,017 - instabot version: 0.115.0 (api) - DEBUG - POST to endpoint: feed/timeline/ returned response: <Response [200]>
2020-03-26 09:41:07,822 - instabot version: 0.115.0 (api) - DEBUG - POST to endpoint: feed/reels_tray/ returned response: <Response [200]>
2020-03-26 09:41:07,827 - instabot version: 0.115.0 (api) - INFO - Logged-in successfully as 'nur_chulis'!
2020-03-26 09:41:07,828 - instabot version: 0.115.0 (bot_checkpoint) - DEBUG - Loading Checkpoint file from: /var/www/html/example.com/public_html/cron/insta/config/nur_chulis.checkpoint
2020-03-26 09:42:44,696 - instabot version: 0.115.0 (bot) - INFO - Instabot version: 0.115.0 Started
2020-03-26 09:42:44,699 - instabot version: 0.115.0 (bot) - DEBUG - Bot imported from /usr/local/lib/python2.7/dist-packages/instabot/bot/bot.pyc
2020-03-26 09:42:44,700 - instabot version: 0.115.0 (api_login) - DEBUG - Loading cookies
2020-03-26 09:42:44,704 - instabot version: 0.115.0 (api_login) - DEBUG - Loading uuids
2020-03-26 09:42:44,706 - instabot version: 0.115.0 (api_login) - INFO - Recovery from /var/www/html/example.com/public_html/cron/insta/config/nur_chulis_uuid_and_cookie.json: COOKIE True - UUIDs True - TIMING, DEVICE and ...
- user-agent=Instagram 117.0.0.28.123 Android (28/9.0; 420dpi; 1080x1920; OnePlus; ONEPLUS A3003; OnePlus3; qcom; en_US; 180322800)
- phone_id=2ab0891e-f163-433d-a907-e175545839f8
- uuid=a6e4e6ae-39df-433d-b0be-0bcf6e688e32
- client_session_id=68a39783-5cd1-460c-8881-fb06517d96c9
- device_id=android-23949ed952248490
2020-03-26 09:42:44,707 - instabot version: 0.115.0 (api_login) - INFO - LOGIN FLOW! Just logged-in: False
2020-03-26 09:42:46,034 - instabot version: 0.115.0 (api) - DEBUG - POST to endpoint: feed/timeline/ returned response: <Response [200]>
2020-03-26 09:42:46,885 - instabot version: 0.115.0 (api) - DEBUG - POST to endpoint: feed/reels_tray/ returned response: <Response [200]>
2020-03-26 09:42:46,895 - instabot version: 0.115.0 (api) - INFO - Logged-in successfully as 'nur_chulis'!
2020-03-26 09:42:46,901 - instabot version: 0.115.0 (bot_checkpoint) - DEBUG - Loading Checkpoint file from: /var/www/html/example.com/public_html/cron/insta/config/nur_chulis.checkpoint
2020-03-26 09:43:10,936 - instabot version: 0.115.0 (bot) - INFO - Instabot version: 0.115.0 Started
2020-03-26 09:43:10,938 - instabot version: 0.115.0 (bot) - DEBUG - Bot imported from /usr/local/lib/python2.7/dist-packages/instabot/bot/bot.pyc
2020-03-26 09:43:10,939 - instabot version: 0.115.0 (api_login) - DEBUG - Loading cookies
2020-03-26 09:43:10,950 - instabot version: 0.115.0 (api_login) - DEBUG - Loading uuids
2020-03-26 09:43:10,955 - instabot version: 0.115.0 (api_login) - INFO - Recovery from /var/www/html/example.com/public_html/cron/insta/config/nur_chulis_uuid_and_cookie.json: COOKIE True - UUIDs True - TIMING, DEVICE and ...
- user-agent=Instagram 117.0.0.28.123 Android (28/9.0; 420dpi; 1080x1920; OnePlus; ONEPLUS A3003; OnePlus3; qcom; en_US; 180322800)
- phone_id=2ab0891e-f163-433d-a907-e175545839f8
- uuid=a6e4e6ae-39df-433d-b0be-0bcf6e688e32
- client_session_id=68a39783-5cd1-460c-8881-fb06517d96c9
- device_id=android-23949ed952248490
2020-03-26 09:43:10,958 - instabot version: 0.115.0 (api_login) - INFO - LOGIN FLOW! Just logged-in: False
2020-03-26 09:43:11,966 - instabot version: 0.115.0 (api) - DEBUG - POST to endpoint: feed/timeline/ returned response: <Response [200]>
2020-03-26 09:43:12,766 - instabot version: 0.115.0 (api) - DEBUG - POST to endpoint: feed/reels_tray/ returned response: <Response [200]>
2020-03-26 09:43:14,482 - instabot version: 0.115.0 (api) - DEBUG - POST to endpoint: direct_v2/ranked_recipients/ returned response: <Response [200]>
2020-03-26 09:43:14,891 - instabot version: 0.115.0 (api) - DEBUG - POST to endpoint: direct_v2/ranked_recipients/ returned response: <Response [200]>
2020-03-26 09:43:15,804 - instabot version: 0.115.0 (api) - DEBUG - POST to endpoint: direct_v2/inbox/ returned response: <Response [200]>
2020-03-26 09:43:16,135 - instabot version: 0.115.0 (api) - DEBUG - GET to endpoint: direct_v2/get_presence/ returned response: <Response [200]>
2020-03-26 09:43:17,509 - instabot version: 0.115.0 (api) - DEBUG - GET to endpoint: news/inbox/?limited_activity=true&show_su=true returned response: <Response [200]>
2020-03-26 09:43:17,915 - instabot version: 0.115.0 (api) - DEBUG - GET to endpoint: users/profile_notice/ returned response: <Response [200]>
2020-03-26 09:43:19,814 - instabot version: 0.115.0 (api) - DEBUG - POST to endpoint: discover/explore/ returned response: <Response [200]>
2020-03-26 09:43:19,832 - instabot version: 0.115.0 (api) - INFO - Logged-in successfully as 'nur_chulis'!
2020-03-26 09:43:19,833 - instabot version: 0.115.0 (bot_checkpoint) - DEBUG - Loading Checkpoint file from: /var/www/html/example.com/public_html/cron/insta/config/nur_chulis.checkpoint
2020-03-26 09:45:02,654 - instabot version: 0.115.0 (bot) - INFO - Instabot version: 0.115.0 Started
2020-03-26 09:45:02,657 - instabot version: 0.115.0 (bot) - DEBUG - Bot imported from /usr/local/lib/python2.7/dist-packages/instabot/bot/bot.pyc
2020-03-26 09:45:02,658 - instabot version: 0.115.0 (api_login) - DEBUG - Loading cookies
2020-03-26 09:45:02,660 - instabot version: 0.115.0 (api_login) - DEBUG - Loading uuids
2020-03-26 09:45:02,661 - instabot version: 0.115.0 (api_login) - INFO - Recovery from /var/www/html/example.com/public_html/cron/insta/config/nur_chulis_uuid_and_cookie.json: COOKIE True - UUIDs True - TIMING, DEVICE and ...
- user-agent=Instagram 117.0.0.28.123 Android (28/9.0; 420dpi; 1080x1920; OnePlus; ONEPLUS A3003; OnePlus3; qcom; en_US; 180322800)
- phone_id=2ab0891e-f163-433d-a907-e175545839f8
- uuid=a6e4e6ae-39df-433d-b0be-0bcf6e688e32
- client_session_id=fc8f0e2c-418e-4a4e-ab47-9a61b692a919
- device_id=android-23949ed952248490
2020-03-26 09:45:02,662 - instabot version: 0.115.0 (api_login) - INFO - LOGIN FLOW! Just logged-in: False
2020-03-26 09:45:03,921 - instabot version: 0.115.0 (api) - DEBUG - POST to endpoint: feed/timeline/ returned response: <Response [200]>
2020-03-26 09:45:04,790 - instabot version: 0.115.0 (api) - DEBUG - POST to endpoint: feed/reels_tray/ returned response: <Response [200]>
2020-03-26 09:45:04,795 - instabot version: 0.115.0 (api) - INFO - Logged-in successfully as 'nur_chulis'!
2020-03-26 09:45:04,797 - instabot version: 0.115.0 (bot_checkpoint) - DEBUG - Loading Checkpoint file from: /var/www/html/example.com/public_html/cron/insta/config/nur_chulis.checkpoint
2020-03-26 09:46:44,114 - instabot version: 0.115.0 (bot_checkpoint) - DEBUG - Saving Checkpoint file to: /var/www/html/example.com/public_html/cron/insta/config/nur_chulis.checkpoint
2020-03-26 09:46:44,116 - instabot version: 0.115.0 (bot) - INFO - Total requests: 39
2020-03-26 09:46:44,120 - instabot version: 0.115.0 (bot_checkpoint) - DEBUG - Saving Checkpoint file to: /var/www/html/example.com/public_html/cron/insta/config/nur_chulis.checkpoint
2020-03-26 09:46:44,128 - instabot version: 0.115.0 (bot) - INFO - Total requests: 39
2020-03-26 09:46:44,137 - instabot version: 0.115.0 (bot_checkpoint) - DEBUG - Saving Checkpoint file to: /var/www/html/example.com/public_html/cron/insta/config/nur_chulis.checkpoint
2020-03-26 09:46:44,140 - instabot version: 0.115.0 (bot) - INFO - Total requests: 39
2020-03-26 09:46:44,146 - instabot version: 0.115.0 (bot_checkpoint) - DEBUG - Saving Checkpoint file to: /var/www/html/example.com/public_html/cron/insta/config/nur_chulis.checkpoint
2020-03-26 09:46:44,149 - instabot version: 0.115.0 (bot) - INFO - Total requests: 39
2020-03-26 09:46:44,154 - instabot version: 0.115.0 (bot_checkpoint) - DEBUG - Saving Checkpoint file to: /var/www/html/example.com/public_html/cron/insta/config/nur_chulis.checkpoint
2020-03-26 09:46:44,158 - instabot version: 0.115.0 (bot) - INFO - Total requests: 39
2020-03-26 09:46:44,165 - instabot version: 0.115.0 (bot_checkpoint) - DEBUG - Saving Checkpoint file to: /var/www/html/example.com/public_html/cron/insta/config/nur_chulis.checkpoint
2020-03-26 09:46:44,167 - instabot version: 0.115.0 (bot) - INFO - Total requests: 39
