2020-03-25 22:24:44,317 - instabot version: 0.115.0 (bot) - INFO - Instabot version: 0.115.0 Started
2020-03-25 22:24:44,317 - instabot version: 0.115.0 (bot) - DEBUG - Bot imported from /usr/local/lib/python2.7/dist-packages/instabot/bot/bot.pyc
2020-03-25 22:24:44,319 - instabot version: 0.115.0 (api_login) - DEBUG - Loading cookies
2020-03-25 22:24:44,320 - instabot version: 0.115.0 (api_login) - DEBUG - Loading uuids
2020-03-25 22:24:44,320 - instabot version: 0.115.0 (api_login) - INFO - Recovery from /var/www/html/example.com/public_html/cron/insta/config/menabungtanah_uuid_and_cookie.json: COOKIE True - UUIDs True - TIMING, DEVICE and ...
- user-agent=Instagram 117.0.0.28.123 Android (28/9.0; 420dpi; 1080x1920; OnePlus; ONEPLUS A3003; OnePlus3; qcom; en_US; 180322800)
- phone_id=a30092fa-e99d-46c6-b2c6-a80dfd9fe9e9
- uuid=8aacbd94-8261-42c3-ae0d-d5476e870db9
- client_session_id=58f5fd4f-f694-43c5-a410-2c4a9174485e
- device_id=android-d13a49bfddbe7ce7
2020-03-25 22:24:44,320 - instabot version: 0.115.0 (api_login) - INFO - LOGIN FLOW! Just logged-in: False
2020-03-25 22:24:44,751 - instabot version: 0.115.0 (api) - DEBUG - POST to endpoint: feed/timeline/ returned response: <Response [400]>
2020-03-25 22:24:44,751 - instabot version: 0.115.0 (api) - DEBUG - Responsecode indicates error; response content: {"message": "challenge_required", "challenge": {"url": "https://i.instagram.com/challenge/?next=/api/v1/feed/timeline/", "api_path": "/challenge/", "hide_webview_header": true, "lock": true, "logout": false, "native_flow": true}, "status": "fail"}
2020-03-25 22:24:44,752 - instabot version: 0.115.0 (api) - ERROR - Request returns 400 error!
2020-03-25 22:24:45,168 - instabot version: 0.115.0 (api) - DEBUG - POST to endpoint: feed/reels_tray/ returned response: <Response [400]>
2020-03-25 22:24:45,169 - instabot version: 0.115.0 (api) - DEBUG - Responsecode indicates error; response content: {"message": "challenge_required", "challenge": {"url": "https://i.instagram.com/challenge/?next=/api/v1/feed/reels_tray/", "api_path": "/challenge/", "hide_webview_header": true, "lock": true, "logout": false, "native_flow": true}, "status": "fail"}
2020-03-25 22:24:45,169 - instabot version: 0.115.0 (api) - ERROR - Request returns 400 error!
2020-03-25 22:24:45,171 - instabot version: 0.115.0 (api) - INFO - Logged-in successfully as 'menabungtanah'!
2020-03-25 22:24:45,171 - instabot version: 0.115.0 (bot_checkpoint) - DEBUG - Loading Checkpoint file from: /var/www/html/example.com/public_html/cron/insta/config/menabungtanah.checkpoint
2020-03-25 22:24:51,174 - instabot version: 0.115.0 (bot) - INFO - Instabot version: 0.115.0 Started
2020-03-25 22:24:51,177 - instabot version: 0.115.0 (bot) - DEBUG - Bot imported from /usr/local/lib/python2.7/dist-packages/instabot/bot/bot.pyc
2020-03-25 22:24:51,178 - instabot version: 0.115.0 (api_login) - DEBUG - Loading cookies
2020-03-25 22:24:51,178 - instabot version: 0.115.0 (api_login) - DEBUG - Loading uuids
2020-03-25 22:24:51,179 - instabot version: 0.115.0 (api_login) - INFO - Recovery from /var/www/html/example.com/public_html/cron/insta/config/menabungtanah_uuid_and_cookie.json: COOKIE True - UUIDs True - TIMING, DEVICE and ...
- user-agent=Instagram 117.0.0.28.123 Android (28/9.0; 420dpi; 1080x1920; OnePlus; ONEPLUS A3003; OnePlus3; qcom; en_US; 180322800)
- phone_id=a30092fa-e99d-46c6-b2c6-a80dfd9fe9e9
- uuid=8aacbd94-8261-42c3-ae0d-d5476e870db9
- client_session_id=58f5fd4f-f694-43c5-a410-2c4a9174485e
- device_id=android-d13a49bfddbe7ce7
2020-03-25 22:24:51,179 - instabot version: 0.115.0 (api_login) - INFO - LOGIN FLOW! Just logged-in: False
2020-03-25 22:24:51,640 - instabot version: 0.115.0 (api) - DEBUG - POST to endpoint: feed/timeline/ returned response: <Response [400]>
2020-03-25 22:24:51,640 - instabot version: 0.115.0 (api) - DEBUG - Responsecode indicates error; response content: {"message": "challenge_required", "challenge": {"url": "https://i.instagram.com/challenge/?next=/api/v1/feed/timeline/", "api_path": "/challenge/", "hide_webview_header": true, "lock": true, "logout": false, "native_flow": true}, "status": "fail"}
2020-03-25 22:24:51,640 - instabot version: 0.115.0 (api) - ERROR - Request returns 400 error!
2020-03-25 22:24:52,121 - instabot version: 0.115.0 (api) - DEBUG - POST to endpoint: feed/reels_tray/ returned response: <Response [400]>
2020-03-25 22:24:52,121 - instabot version: 0.115.0 (api) - DEBUG - Responsecode indicates error; response content: {"message": "challenge_required", "challenge": {"url": "https://i.instagram.com/challenge/?next=/api/v1/feed/reels_tray/", "api_path": "/challenge/", "hide_webview_header": true, "lock": true, "logout": false, "native_flow": true}, "status": "fail"}
2020-03-25 22:24:52,121 - instabot version: 0.115.0 (api) - ERROR - Request returns 400 error!
2020-03-25 22:24:52,125 - instabot version: 0.115.0 (api) - INFO - Logged-in successfully as 'menabungtanah'!
2020-03-25 22:24:52,125 - instabot version: 0.115.0 (bot_checkpoint) - DEBUG - Loading Checkpoint file from: /var/www/html/example.com/public_html/cron/insta/config/menabungtanah.checkpoint
2020-03-25 22:24:56,539 - instabot version: 0.115.0 (bot) - INFO - Instabot version: 0.115.0 Started
2020-03-25 22:24:56,539 - instabot version: 0.115.0 (bot) - DEBUG - Bot imported from /usr/local/lib/python2.7/dist-packages/instabot/bot/bot.pyc
2020-03-25 22:24:56,543 - instabot version: 0.115.0 (api_login) - DEBUG - Loading cookies
2020-03-25 22:24:56,544 - instabot version: 0.115.0 (api_login) - DEBUG - Loading uuids
2020-03-25 22:24:56,545 - instabot version: 0.115.0 (api_login) - INFO - Recovery from /var/www/html/example.com/public_html/cron/insta/config/menabungtanah_uuid_and_cookie.json: COOKIE True - UUIDs True - TIMING, DEVICE and ...
- user-agent=Instagram 117.0.0.28.123 Android (28/9.0; 420dpi; 1080x1920; OnePlus; ONEPLUS A3003; OnePlus3; qcom; en_US; 180322800)
- phone_id=a30092fa-e99d-46c6-b2c6-a80dfd9fe9e9
- uuid=8aacbd94-8261-42c3-ae0d-d5476e870db9
- client_session_id=58f5fd4f-f694-43c5-a410-2c4a9174485e
- device_id=android-d13a49bfddbe7ce7
2020-03-25 22:24:56,545 - instabot version: 0.115.0 (api_login) - INFO - LOGIN FLOW! Just logged-in: False
2020-03-25 22:24:56,949 - instabot version: 0.115.0 (api) - DEBUG - POST to endpoint: feed/timeline/ returned response: <Response [400]>
2020-03-25 22:24:56,949 - instabot version: 0.115.0 (api) - DEBUG - Responsecode indicates error; response content: {"message": "challenge_required", "challenge": {"url": "https://i.instagram.com/challenge/?next=/api/v1/feed/timeline/", "api_path": "/challenge/", "hide_webview_header": true, "lock": true, "logout": false, "native_flow": true}, "status": "fail"}
2020-03-25 22:24:56,951 - instabot version: 0.115.0 (api) - ERROR - Request returns 400 error!
2020-03-25 22:24:58,068 - instabot version: 0.115.0 (api) - DEBUG - POST to endpoint: feed/reels_tray/ returned response: <Response [400]>
2020-03-25 22:24:58,070 - instabot version: 0.115.0 (api) - DEBUG - Responsecode indicates error; response content: {"message": "challenge_required", "challenge": {"url": "https://i.instagram.com/challenge/?next=/api/v1/feed/reels_tray/", "api_path": "/challenge/", "hide_webview_header": true, "lock": true, "logout": false, "native_flow": true}, "status": "fail"}
2020-03-25 22:24:58,070 - instabot version: 0.115.0 (api) - ERROR - Request returns 400 error!
2020-03-25 22:24:58,074 - instabot version: 0.115.0 (api) - INFO - Logged-in successfully as 'menabungtanah'!
2020-03-25 22:24:58,074 - instabot version: 0.115.0 (bot_checkpoint) - DEBUG - Loading Checkpoint file from: /var/www/html/example.com/public_html/cron/insta/config/menabungtanah.checkpoint
2020-03-25 22:25:20,593 - instabot version: 0.115.0 (bot_checkpoint) - DEBUG - Saving Checkpoint file to: /var/www/html/example.com/public_html/cron/insta/config/menabungtanah.checkpoint
2020-03-25 22:25:20,595 - instabot version: 0.115.0 (bot) - INFO - Total requests: 37
2020-03-25 22:25:20,597 - instabot version: 0.115.0 (bot_checkpoint) - DEBUG - Saving Checkpoint file to: /var/www/html/example.com/public_html/cron/insta/config/menabungtanah.checkpoint
2020-03-25 22:25:20,598 - instabot version: 0.115.0 (bot) - INFO - Total requests: 37
2020-03-25 22:25:20,601 - instabot version: 0.115.0 (bot_checkpoint) - DEBUG - Saving Checkpoint file to: /var/www/html/example.com/public_html/cron/insta/config/menabungtanah.checkpoint
2020-03-25 22:25:20,602 - instabot version: 0.115.0 (bot) - INFO - Total requests: 37
