2020-03-18 18:49:54,150 - instabot version: 0.115.0 (bot) - INFO - Instabot version: 0.115.0 Started
2020-03-18 18:49:54,151 - instabot version: 0.115.0 (bot) - DEBUG - Bot imported from /usr/local/lib/python2.7/dist-packages/instabot/bot/bot.pyc
2020-03-18 18:49:54,152 - instabot version: 0.115.0 (api_login) - DEBUG - Loading cookies
2020-03-18 18:49:54,153 - instabot version: 0.115.0 (api_login) - DEBUG - Loading uuids
2020-03-18 18:49:54,153 - instabot version: 0.115.0 (api_login) - INFO - Recovery from /var/www/html/example.com/public_html/cron/insta/config/nurchuliss_uuid_and_cookie.json: COOKIE True - UUIDs True - TIMING, DEVICE and ...
- user-agent=Instagram 117.0.0.28.123 Android (28/9.0; 420dpi; 1080x1920; OnePlus; ONEPLUS A3003; OnePlus3; qcom; en_US; 180322800)
- phone_id=d2ae494d-2f06-4681-a48b-9c921cf0c11b
- uuid=423e6931-be2b-4a9b-9c1b-4d8fe19b14e6
- client_session_id=85f49757-cb63-4a96-9f35-9e8d3c79fd8f
- device_id=android-19c11c9b12e66074
2020-03-18 18:49:54,154 - instabot version: 0.115.0 (api_login) - INFO - LOGIN FLOW! Just logged-in: False
2020-03-18 18:49:55,492 - instabot version: 0.115.0 (api) - DEBUG - POST to endpoint: feed/timeline/ returned response: <Response [200]>
2020-03-18 18:49:56,040 - instabot version: 0.115.0 (api) - DEBUG - POST to endpoint: feed/reels_tray/ returned response: <Response [200]>
2020-03-18 18:49:56,044 - instabot version: 0.115.0 (api) - INFO - Logged-in successfully as 'nurchuliss'!
2020-03-18 18:49:56,044 - instabot version: 0.115.0 (bot_checkpoint) - DEBUG - Loading Checkpoint file from: /var/www/html/example.com/public_html/cron/insta/config/nurchuliss.checkpoint
2020-03-18 18:49:59,564 - instabot version: 0.115.0 (api) - DEBUG - GET to endpoint: feed/tag/corona/?max_id=&rank_token=31810048273_423e6931-be2b-4a9b-9c1b-4d8fe19b14e6&ranked_content=true& returned response: <Response [200]>
2020-03-18 18:49:59,593 - instabot version: 0.115.0 (bot_filter) - INFO - Received 85 medias.
2020-03-18 18:49:59,593 - instabot version: 0.115.0 (bot_filter) - INFO - After filtration 1 medias left.
2020-03-18 18:50:02,766 - instabot version: 0.115.0 (api) - DEBUG - GET to endpoint: feed/tag/corona/?max_id=&rank_token=31810048273_423e6931-be2b-4a9b-9c1b-4d8fe19b14e6&ranked_content=true& returned response: <Response [200]>
2020-03-18 18:50:02,793 - instabot version: 0.115.0 (bot_filter) - INFO - Received 84 medias.
2020-03-18 18:50:02,793 - instabot version: 0.115.0 (bot_filter) - INFO - After filtration 1 medias left.
2020-03-18 18:50:06,636 - instabot version: 0.115.0 (bot_checkpoint) - DEBUG - Saving Checkpoint file to: /var/www/html/example.com/public_html/cron/insta/config/nurchuliss.checkpoint
2020-03-18 18:50:06,637 - instabot version: 0.115.0 (bot) - INFO - Total requests: 83
