2020-03-20 23:48:43,246 - instabot version: 0.115.0 (bot) - INFO - Instabot version: 0.115.0 Started
2020-03-20 23:48:43,247 - instabot version: 0.115.0 (bot) - DEBUG - Bot imported from /usr/local/lib/python2.7/dist-packages/instabot/bot/bot.pyc
2020-03-20 23:48:43,249 - instabot version: 0.115.0 (api_login) - INFO - Not yet logged in starting: PRE-LOGIN FLOW!
2020-03-20 23:48:43,628 - instabot version: 0.115.0 (api) - DEBUG - POST to endpoint: accounts/get_prefill_candidates/ returned response: <Response [200]>
2020-03-20 23:48:44,015 - instabot version: 0.115.0 (api) - DEBUG - POST to endpoint: qe/sync/ returned response: <Response [200]>
2020-03-20 23:48:44,401 - instabot version: 0.115.0 (api) - DEBUG - POST to endpoint: launcher/sync/ returned response: <Response [200]>
2020-03-20 23:48:44,779 - instabot version: 0.115.0 (api) - DEBUG - POST to endpoint: accounts/contact_point_prefill/ returned response: <Response [200]>
2020-03-20 23:48:46,996 - instabot version: 0.115.0 (api) - DEBUG - POST to endpoint: accounts/login/ returned response: <Response [400]>
2020-03-20 23:48:46,996 - instabot version: 0.115.0 (api) - DEBUG - Responsecode indicates error; response content: {"message": "The password you entered is incorrect. Please try again.", "invalid_credentials": true, "error_title": "Incorrect password for nur_chulis", "buttons": [{"title": "Try Again", "action": "dismiss"}], "status": "fail", "error_type": "bad_password"}
2020-03-20 23:48:46,996 - instabot version: 0.115.0 (api) - ERROR - Request returns 400 error!
2020-03-20 23:48:46,997 - instabot version: 0.115.0 (api) - INFO - Instagram's error message: The password you entered is incorrect. Please try again.
2020-03-20 23:48:46,997 - instabot version: 0.115.0 (api) - INFO - Error type: bad_password
2020-03-20 23:48:46,999 - instabot version: 0.115.0 (api) - ERROR - Failed to login go to instagram and change your password
2020-03-20 23:48:46,999 - instabot version: 0.115.0 (api) - INFO - Username or password is incorrect.
2020-03-20 23:48:58,322 - instabot version: 0.115.0 (bot) - INFO - Instabot version: 0.115.0 Started
2020-03-20 23:48:58,322 - instabot version: 0.115.0 (bot) - DEBUG - Bot imported from /usr/local/lib/python2.7/dist-packages/instabot/bot/bot.pyc
2020-03-20 23:48:58,323 - instabot version: 0.115.0 (api_login) - INFO - Not yet logged in starting: PRE-LOGIN FLOW!
2020-03-20 23:48:58,715 - instabot version: 0.115.0 (api) - DEBUG - POST to endpoint: accounts/get_prefill_candidates/ returned response: <Response [200]>
2020-03-20 23:48:59,108 - instabot version: 0.115.0 (api) - DEBUG - POST to endpoint: qe/sync/ returned response: <Response [200]>
2020-03-20 23:48:59,480 - instabot version: 0.115.0 (api) - DEBUG - POST to endpoint: launcher/sync/ returned response: <Response [200]>
2020-03-20 23:48:59,901 - instabot version: 0.115.0 (api) - DEBUG - POST to endpoint: accounts/contact_point_prefill/ returned response: <Response [200]>
2020-03-20 23:49:01,654 - instabot version: 0.115.0 (api) - DEBUG - POST to endpoint: accounts/login/ returned response: <Response [200]>
2020-03-20 23:49:01,655 - instabot version: 0.115.0 (api) - INFO - Logged-in successfully as 'nur_chulis'!
2020-03-20 23:49:01,655 - instabot version: 0.115.0 (api_login) - INFO - LOGIN FLOW! Just logged-in: True
2020-03-20 23:49:02,046 - instabot version: 0.115.0 (api) - DEBUG - POST to endpoint: qe/sync/ returned response: <Response [200]>
2020-03-20 23:49:02,430 - instabot version: 0.115.0 (api) - DEBUG - POST to endpoint: launcher/sync/ returned response: <Response [200]>
2020-03-20 23:49:02,830 - instabot version: 0.115.0 (api) - DEBUG - GET to endpoint: zr/token/result/?device_id=android-23949ed952248490&token_hash=&custom_device_id=android-23949ed952248490&fetch_reason=token_expired returned response: <Response [200]>
2020-03-20 23:49:03,244 - instabot version: 0.115.0 (api) - DEBUG - GET to endpoint: multiple_accounts/get_account_family/ returned response: <Response [200]>
2020-03-20 23:49:03,613 - instabot version: 0.115.0 (api) - DEBUG - POST to endpoint: qe/sync/ returned response: <Response [200]>
2020-03-20 23:49:04,151 - instabot version: 0.115.0 (api) - DEBUG - GET to endpoint: igtv/browse_feed/?prefetch=1 returned response: <Response [200]>
2020-03-20 23:49:04,509 - instabot version: 0.115.0 (api) - DEBUG - POST to endpoint: creatives/ar_class/ returned response: <Response [200]>
2020-03-20 23:49:05,232 - instabot version: 0.115.0 (api) - DEBUG - POST to endpoint: feed/reels_tray/ returned response: <Response [200]>
2020-03-20 23:49:06,782 - instabot version: 0.115.0 (api) - DEBUG - POST to endpoint: feed/timeline/ returned response: <Response [200]>
2020-03-20 23:49:07,143 - instabot version: 0.115.0 (api) - DEBUG - GET to endpoint: media/blocked/ returned response: <Response [200]>
2020-03-20 23:49:08,207 - instabot version: 0.115.0 (api) - DEBUG - GET to endpoint: news/inbox/ returned response: <Response [200]>
2020-03-20 23:49:08,572 - instabot version: 0.115.0 (api) - DEBUG - GET to endpoint: loom/fetch_config/ returned response: <Response [200]>
2020-03-20 23:49:10,209 - instabot version: 0.115.0 (api) - DEBUG - GET to endpoint: scores/bootstrap/users/?surfaces=["autocomplete_user_list","coefficient_besties_list_ranking","coefficient_rank_recipient_user_suggestion","coefficient_ios_section_test_bootstrap_ranking","coefficient_direct_recipients_ranking_variant_2"] returned response: <Response [200]>
2020-03-20 23:49:10,570 - instabot version: 0.115.0 (api) - DEBUG - GET to endpoint: business/eligibility/get_monetization_products_eligibility_data/?product_types=branded_content returned response: <Response [200]>
2020-03-20 23:49:10,971 - instabot version: 0.115.0 (api) - DEBUG - GET to endpoint: business/branded_content/should_require_professional_account/ returned response: <Response [200]>
2020-03-20 23:49:11,970 - instabot version: 0.115.0 (api) - DEBUG - GET to endpoint: linked_accounts/get_linkage_status/ returned response: <Response [200]>
2020-03-20 23:49:12,340 - instabot version: 0.115.0 (api) - DEBUG - GET to endpoint: locations/request_country/ returned response: <Response [200]>
2020-03-20 23:49:12,694 - instabot version: 0.115.0 (api) - DEBUG - GET to endpoint: qp/get_cooldowns/?signed_body=signed_body=4b9c516a5410a3bc128e09c6104a7f042146b9c2023870560c63a43a7f66781c.4&ig_sig_key_version=4&ig_sig_key_version=4 returned response: <Response [200]>
2020-03-20 23:49:13,059 - instabot version: 0.115.0 (api) - DEBUG - GET to endpoint: users/arlink_download_info/?version_override=2.2.1 returned response: <Response [200]>
2020-03-20 23:49:13,718 - instabot version: 0.115.0 (api) - DEBUG - GET to endpoint: users/2026815983/info/ returned response: <Response [200]>
2020-03-20 23:49:14,177 - instabot version: 0.115.0 (api) - DEBUG - GET to endpoint: direct_v2/get_presence/ returned response: <Response [200]>
2020-03-20 23:49:15,163 - instabot version: 0.115.0 (api) - DEBUG - GET to endpoint: direct_v2/inbox/?visual_message_return_type=unseen&thread_message_limit=10&persistentBadging=true&limit=20 returned response: <Response [200]>
2020-03-20 23:49:15,553 - instabot version: 0.115.0 (api) - DEBUG - GET to endpoint: direct_v2/inbox/?visual_message_return_type=unseen&persistentBadging=true&limit=0 returned response: <Response [200]>
2020-03-20 23:49:17,334 - instabot version: 0.115.0 (api) - DEBUG - GET to endpoint: discover/topical_explore/?is_prefetch=true&omit_cover_media=true&use_sectional_payload=true&timezone_offset=0&session_id=127ecd1e-7528-46af-aa97-b32cc7be2811&include_fixed_destinations=true returned response: <Response [200]>
2020-03-20 23:49:17,705 - instabot version: 0.115.0 (api) - DEBUG - POST to endpoint: notifications/badge/ returned response: <Response [200]>
2020-03-20 23:49:18,359 - instabot version: 0.115.0 (api) - DEBUG - POST to endpoint: qp/batch_fetch/ returned response: <Response [200]>
2020-03-20 23:49:18,360 - instabot version: 0.115.0 (bot_checkpoint) - DEBUG - Loading Checkpoint file from: /var/www/html/example.com/public_html/cron/insta/config/nur_chulis.checkpoint
2020-03-20 23:49:37,937 - instabot version: 0.115.0 (api) - DEBUG - POST to endpoint: media/configure/? returned response: <Response [400]>
2020-03-20 23:49:37,939 - instabot version: 0.115.0 (api) - DEBUG - Responsecode indicates error; response content: {"message": "Uploaded image isn't in the right format", "status": "fail"}
2020-03-20 23:49:37,939 - instabot version: 0.115.0 (api) - ERROR - Request returns 400 error!
2020-03-20 23:49:37,940 - instabot version: 0.115.0 (api) - INFO - Instagram's error message: Uploaded image isn't in the right format
2020-03-20 23:49:37,940 - instabot version: 0.115.0 (api) - INFO - Instagram's error message: {}
2020-03-20 23:49:53,565 - instabot version: 0.115.0 (api) - DEBUG - POST to endpoint: media/configure/? returned response: <Response [400]>
2020-03-20 23:49:53,565 - instabot version: 0.115.0 (api) - DEBUG - Responsecode indicates error; response content: {"message": "Uploaded image isn't in the right format", "status": "fail"}
2020-03-20 23:49:53,566 - instabot version: 0.115.0 (api) - ERROR - Request returns 400 error!
2020-03-20 23:49:53,567 - instabot version: 0.115.0 (api) - INFO - Instagram's error message: Uploaded image isn't in the right format
2020-03-20 23:49:53,567 - instabot version: 0.115.0 (api) - INFO - Instagram's error message: {}
2020-03-20 23:49:59,664 - instabot version: 0.115.0 (bot_checkpoint) - DEBUG - Saving Checkpoint file to: /var/www/html/example.com/public_html/cron/insta/config/nur_chulis.checkpoint
2020-03-20 23:49:59,665 - instabot version: 0.115.0 (bot) - INFO - Total requests: 33
