2020-03-26 09:45:02,654 - instabot version: 0.115.0 (bot) - INFO - Instabot version: 0.115.0 Started
2020-03-26 09:45:02,657 - instabot version: 0.115.0 (bot) - DEBUG - Bot imported from /usr/local/lib/python2.7/dist-packages/instabot/bot/bot.pyc
2020-03-26 09:45:02,658 - instabot version: 0.115.0 (api_login) - DEBUG - Loading cookies
2020-03-26 09:45:02,660 - instabot version: 0.115.0 (api_login) - DEBUG - Loading uuids
2020-03-26 09:45:02,661 - instabot version: 0.115.0 (api_login) - INFO - Recovery from /var/www/html/example.com/public_html/cron/insta/config/nur_chulis_uuid_and_cookie.json: COOKIE True - UUIDs True - TIMING, DEVICE and ...
- user-agent=Instagram 117.0.0.28.123 Android (28/9.0; 420dpi; 1080x1920; OnePlus; ONEPLUS A3003; OnePlus3; qcom; en_US; 180322800)
- phone_id=2ab0891e-f163-433d-a907-e175545839f8
- uuid=a6e4e6ae-39df-433d-b0be-0bcf6e688e32
- client_session_id=fc8f0e2c-418e-4a4e-ab47-9a61b692a919
- device_id=android-23949ed952248490
2020-03-26 09:45:02,662 - instabot version: 0.115.0 (api_login) - INFO - LOGIN FLOW! Just logged-in: False
2020-03-26 09:45:03,921 - instabot version: 0.115.0 (api) - DEBUG - POST to endpoint: feed/timeline/ returned response: <Response [200]>
2020-03-26 09:45:04,790 - instabot version: 0.115.0 (api) - DEBUG - POST to endpoint: feed/reels_tray/ returned response: <Response [200]>
2020-03-26 09:45:04,795 - instabot version: 0.115.0 (api) - INFO - Logged-in successfully as 'nur_chulis'!
2020-03-26 09:45:04,797 - instabot version: 0.115.0 (bot_checkpoint) - DEBUG - Loading Checkpoint file from: /var/www/html/example.com/public_html/cron/insta/config/nur_chulis.checkpoint
2020-03-26 09:46:44,114 - instabot version: 0.115.0 (bot_checkpoint) - DEBUG - Saving Checkpoint file to: /var/www/html/example.com/public_html/cron/insta/config/nur_chulis.checkpoint
2020-03-26 09:46:44,116 - instabot version: 0.115.0 (bot) - INFO - Total requests: 39
2020-03-26 09:46:44,120 - instabot version: 0.115.0 (bot_checkpoint) - DEBUG - Saving Checkpoint file to: /var/www/html/example.com/public_html/cron/insta/config/nur_chulis.checkpoint
2020-03-26 09:46:44,128 - instabot version: 0.115.0 (bot) - INFO - Total requests: 39
2020-03-26 09:46:44,137 - instabot version: 0.115.0 (bot_checkpoint) - DEBUG - Saving Checkpoint file to: /var/www/html/example.com/public_html/cron/insta/config/nur_chulis.checkpoint
2020-03-26 09:46:44,140 - instabot version: 0.115.0 (bot) - INFO - Total requests: 39
2020-03-26 09:46:44,146 - instabot version: 0.115.0 (bot_checkpoint) - DEBUG - Saving Checkpoint file to: /var/www/html/example.com/public_html/cron/insta/config/nur_chulis.checkpoint
2020-03-26 09:46:44,149 - instabot version: 0.115.0 (bot) - INFO - Total requests: 39
2020-03-26 09:46:44,154 - instabot version: 0.115.0 (bot_checkpoint) - DEBUG - Saving Checkpoint file to: /var/www/html/example.com/public_html/cron/insta/config/nur_chulis.checkpoint
2020-03-26 09:46:44,158 - instabot version: 0.115.0 (bot) - INFO - Total requests: 39
2020-03-26 09:46:44,165 - instabot version: 0.115.0 (bot_checkpoint) - DEBUG - Saving Checkpoint file to: /var/www/html/example.com/public_html/cron/insta/config/nur_chulis.checkpoint
2020-03-26 09:46:44,167 - instabot version: 0.115.0 (bot) - INFO - Total requests: 39
